<?xml version="1.0" encoding="UTF-8"?>
<TestRun id="4bdc2a15-f100-493e-8aaa-bcafe7aaf517" name="Lukas Elmer@LUKESPC 2011-10-30 23:39:28" runUser="lukespc\Lukas Elmer" xmlns="http://microsoft.com/schemas/VisualStudio/TeamTest/2010">
  <TestSettings name="Local" id="ecb0bfb1-6f24-4efe-acbf-86949a26cdb9">
    <Description>These are default test settings for a local test run.</Description>
    <Deployment enabled="false" runDeploymentRoot="Lukas Elmer_LUKESPC 2011-10-30 23_39_28">
      <DeploymentItem filename="J:\dev\flip_svn.elmermx.ch\code\trunk\ProjectFlip\ProjectFlip.Services.Interfaces\bin\Debug\ProjectFlip.Services.Interfaces.dll" />
      <DeploymentItem filename="J:\dev\flip_svn.elmermx.ch\code\trunk\ProjectFlip\Libraries\Unity\Microsoft.Practices.Unity.dll" />
      <DeploymentItem filename="J:\dev\flip_svn.elmermx.ch\code\trunk\ProjectFlip\ProjectFlip.UserInterface.Surface\bin\Debug\ProjectFlip.UserInterface.Surface.dll" />
      <DeploymentItem filename="J:\dev\flip_svn.elmermx.ch\code\trunk\ProjectFlip\ProjectFlip.Services\bin\Debug\ProjectFlip.Services.dll" />
      <DeploymentItem filename="J:\dev\flip_svn.elmermx.ch\code\trunk\ProjectFlip\ProjectFlip.Services.Loader.Interfaces\bin\Debug\ProjectFlip.Services.Loader.Interfaces.dll" />
      <DeploymentItem filename="J:\dev\flip_svn.elmermx.ch\code\trunk\ProjectFlip\PDFConverter\bin\Debug\ProjectFlip.Converter.Pdf.exe" />
      <DeploymentItem filename="J:\dev\flip_svn.elmermx.ch\code\trunk\ProjectFlip\ProjectFlip.UserInterface\bin\Debug\ProjectFlip.UserInterface.dll" />
      <DeploymentItem filename="J:\dev\flip_svn.elmermx.ch\code\trunk\ProjectFlip\ProjectFlip.PdfConverter.Interfaces\bin\Debug\ProjectFlip.Converter.Interfaces.dll" />
      <DeploymentItem filename="J:\dev\flip_svn.elmermx.ch\code\trunk\ProjectFlip\ProjectFlip.Importer\bin\Debug\ProjectFlip.Services.Loader.exe" />
      <DeploymentItem filename="J:\dev\flip_svn.elmermx.ch\code\trunk\ProjectFlip\ProjectFlip.Preparer\bin\Debug\ProjectFlip.Preparer.exe" />
    </Deployment>
    <Execution>
      <TestTypeSpecific />
      <AgentRule name="Execution Agents">
      </AgentRule>
    </Execution>
  </TestSettings>
  <Times creation="2011-10-30T23:39:28.3559347+01:00" queuing="2011-10-30T23:39:28.3669354+01:00" start="2011-10-30T23:39:28.3749358+01:00" finish="2011-10-30T23:39:29.9340250+01:00" />
  <ResultSummary outcome="Inconclusive">
    <Counters total="9" executed="9" passed="8" error="0" failed="0" timeout="0" aborted="0" inconclusive="1" passedButRunAborted="0" notRunnable="0" notExecuted="0" disconnected="0" warning="0" completed="0" inProgress="0" pending="0" />
    <RunInfos>
      <RunInfo computerName="LUKESPC" outcome="Warning" timestamp="2011-10-30T23:39:28.3669354+01:00">
        <Text>Deployment is currently disabled. The deployment item 'ProjectFlip.UserInterface.Surface.dll' on test 'ProjectFlip.UserInterface.Surface.Test.ProjectNoteViewModelTest.OpenNewWindowTest1' was not deployed.</Text>
      </RunInfo>
      <RunInfo computerName="LUKESPC" outcome="Warning" timestamp="2011-10-30T23:39:28.3669354+01:00">
        <Text>Deployment is currently disabled. The deployment item 'ProjectFlip.Preparer.exe' on test 'ProjectFlip.Preparer.Test.ImageExtractorProcessorTest.ExtractImageTest' was not deployed.</Text>
      </RunInfo>
    </RunInfos>
  </ResultSummary>
  <TestDefinitions>
    <UnitTest name="OpenNewWindowTest1" storage="j:\dev\flip_svn.elmermx.ch\code\trunk\projectflip\projectflip.userinterface.surface.test\bin\debug\projectflip.userinterface.surface.test.dll" id="ebb56ab5-42d5-71fc-9442-26dde5656280">
      <DeploymentItems>
        <DeploymentItem filename="ProjectFlip.UserInterface.Surface.dll" />
      </DeploymentItems>
      <Execution id="e834313d-d9b4-46ca-adf0-28b8ff63b1dd" />
      <TestMethod codeBase="J:/dev/flip_svn.elmermx.ch/code/trunk/ProjectFlip/ProjectFlip.UserInterface.Surface.Test/bin/Debug/ProjectFlip.UserInterface.Surface.Test.DLL" adapterTypeName="Microsoft.VisualStudio.TestTools.TestTypes.Unit.UnitTestAdapter, Microsoft.VisualStudio.QualityTools.Tips.UnitTest.Adapter, Version=10.0.0.0, Culture=neutral, PublicKeyToken=b03f5f7f11d50a3a" className="ProjectFlip.UserInterface.Surface.Test.ProjectNoteViewModelTest, ProjectFlip.UserInterface.Surface.Test, Version=1.0.0.0, Culture=neutral, PublicKeyToken=null" name="OpenNewWindowTest1" />
    </UnitTest>
    <UnitTest name="DocumentTest" storage="j:\dev\flip_svn.elmermx.ch\code\trunk\projectflip\projectflip.services.test\bin\debug\projectflip.services.test.dll" id="ed30b4e0-dba3-8e7f-0ab5-fcc96c1c7e5e">
      <Execution id="292b2cb2-9c90-46bf-a0dc-07fbf96ee78e" />
      <TestMethod codeBase="J:/dev/flip_svn.elmermx.ch/code/trunk/ProjectFlip/ProjectFlip.Services.Test/bin/Debug/ProjectFlip.Services.Test.DLL" adapterTypeName="Microsoft.VisualStudio.TestTools.TestTypes.Unit.UnitTestAdapter, Microsoft.VisualStudio.QualityTools.Tips.UnitTest.Adapter, Version=10.0.0.0, Culture=neutral, PublicKeyToken=b03f5f7f11d50a3a" className="ProjectFlip.Services.Test.ProjectNoteTest, ProjectFlip.Services.Test, Version=1.0.0.0, Culture=neutral, PublicKeyToken=null" name="DocumentTest" />
    </UnitTest>
    <UnitTest name="ConvertToListTest" storage="j:\dev\flip_svn.elmermx.ch\code\trunk\projectflip\projectflip.services.test\bin\debug\projectflip.services.test.dll" id="bccb58cc-1cce-162f-54b4-53ddafd79ee2">
      <DeploymentItems>
        <DeploymentItem filename="ProjectFlip.Services.dll" />
      </DeploymentItems>
      <Execution id="1efc0245-b1f3-4256-9a31-fd99a99dc065" />
      <TestMethod codeBase="J:/dev/flip_svn.elmermx.ch/code/trunk/ProjectFlip/ProjectFlip.Services.Test/bin/Debug/ProjectFlip.Services.Test.DLL" adapterTypeName="Microsoft.VisualStudio.TestTools.TestTypes.Unit.UnitTestAdapter, Microsoft.VisualStudio.QualityTools.Tips.UnitTest.Adapter, Version=10.0.0.0, Culture=neutral, PublicKeyToken=b03f5f7f11d50a3a" className="ProjectFlip.Services.Test.ProjectNoteTest, ProjectFlip.Services.Test, Version=1.0.0.0, Culture=neutral, PublicKeyToken=null" name="ConvertToListTest" />
    </UnitTest>
    <UnitTest name="ImportTest" storage="j:\dev\flip_svn.elmermx.ch\code\trunk\projectflip\projectflip.services.loader.test\bin\debug\projectflip.services.loader.test.dll" id="66d8e483-98ef-7f5c-f82e-282eb285173f">
      <Execution id="d7762f3e-93f8-46b7-a513-b626b452719b" />
      <TestMethod codeBase="J:/dev/flip_svn.elmermx.ch/code/trunk/ProjectFlip/ProjectFlip.Services.Loader.Test/bin/Debug/ProjectFlip.Services.Loader.Test.DLL" adapterTypeName="Microsoft.VisualStudio.TestTools.TestTypes.Unit.UnitTestAdapter, Microsoft.VisualStudio.QualityTools.Tips.UnitTest.Adapter, Version=10.0.0.0, Culture=neutral, PublicKeyToken=b03f5f7f11d50a3a" className="ProjectFlip.Services.Loader.Test.ProjectNotesLoaderTest, ProjectFlip.Services.Loader.Test, Version=1.0.0.0, Culture=neutral, PublicKeyToken=null" name="ImportTest" />
    </UnitTest>
    <UnitTest name="NotifyTest" storage="j:\dev\flip_svn.elmermx.ch\code\trunk\projectflip\projectflip.userinterface.surface.test\bin\debug\projectflip.userinterface.surface.test.dll" id="44822a49-3d3a-3cd9-6a83-bfb87b866eb6">
      <DeploymentItems>
        <DeploymentItem filename="ProjectFlip.UserInterface.Surface.dll" />
      </DeploymentItems>
      <Execution id="8b1ac195-f69b-47cb-89a2-c562bbc396f7" />
      <TestMethod codeBase="J:/dev/flip_svn.elmermx.ch/code/trunk/ProjectFlip/ProjectFlip.UserInterface.Surface.Test/bin/Debug/ProjectFlip.UserInterface.Surface.Test.DLL" adapterTypeName="Microsoft.VisualStudio.TestTools.TestTypes.Unit.UnitTestAdapter, Microsoft.VisualStudio.QualityTools.Tips.UnitTest.Adapter, Version=10.0.0.0, Culture=neutral, PublicKeyToken=b03f5f7f11d50a3a" className="ProjectFlip.UserInterface.Surface.Test.ViewModelBaseTest, ProjectFlip.UserInterface.Surface.Test, Version=1.0.0.0, Culture=neutral, PublicKeyToken=null" name="NotifyTest" />
    </UnitTest>
    <UnitTest name="LineTest" storage="j:\dev\flip_svn.elmermx.ch\code\trunk\projectflip\projectflip.services.test\bin\debug\projectflip.services.test.dll" id="16a754d1-abe1-b7cb-6692-10287c0de9e8">
      <Execution id="e6836760-2b5b-48d9-a4cc-899b247675be" />
      <TestMethod codeBase="J:/dev/flip_svn.elmermx.ch/code/trunk/ProjectFlip/ProjectFlip.Services.Test/bin/Debug/ProjectFlip.Services.Test.DLL" adapterTypeName="Microsoft.VisualStudio.TestTools.TestTypes.Unit.UnitTestAdapter, Microsoft.VisualStudio.QualityTools.Tips.UnitTest.Adapter, Version=10.0.0.0, Culture=neutral, PublicKeyToken=b03f5f7f11d50a3a" className="ProjectFlip.Services.Test.ProjectNoteTest, ProjectFlip.Services.Test, Version=1.0.0.0, Culture=neutral, PublicKeyToken=null" name="LineTest" />
    </UnitTest>
    <UnitTest name="OverviewWindowViewModelProjectNotesTest" storage="j:\dev\flip_svn.elmermx.ch\code\trunk\projectflip\projectflip.userinterface.surface.test\bin\debug\projectflip.userinterface.surface.test.dll" id="96c1f950-7ba2-0f26-3c1e-e3d2807e5697">
      <Execution id="c06adf9e-9bdf-4b58-b437-16984f7ce109" />
      <TestMethod codeBase="J:/dev/flip_svn.elmermx.ch/code/trunk/ProjectFlip/ProjectFlip.UserInterface.Surface.Test/bin/Debug/ProjectFlip.UserInterface.Surface.Test.DLL" adapterTypeName="Microsoft.VisualStudio.TestTools.TestTypes.Unit.UnitTestAdapter, Microsoft.VisualStudio.QualityTools.Tips.UnitTest.Adapter, Version=10.0.0.0, Culture=neutral, PublicKeyToken=b03f5f7f11d50a3a" className="ProjectFlip.UserInterface.Surface.Test.OverviewWindowViewModelTest, ProjectFlip.UserInterface.Surface.Test, Version=1.0.0.0, Culture=neutral, PublicKeyToken=null" name="OverviewWindowViewModelProjectNotesTest" />
    </UnitTest>
    <UnitTest name="ExtractImageTest" storage="j:\dev\flip_svn.elmermx.ch\code\trunk\projectflip\projectflip.preparer.test\bin\debug\projectflip.preparer.test.dll" id="a04b1365-3a46-4a28-167b-1bc7531188c1">
      <DeploymentItems>
        <DeploymentItem filename="ProjectFlip.Preparer.exe" />
      </DeploymentItems>
      <Execution id="356a1763-d66c-426f-b7ea-eb71d86d466a" />
      <TestMethod codeBase="J:/dev/flip_svn.elmermx.ch/code/trunk/ProjectFlip/ProjectFlip.Preparer.Test/bin/Debug/ProjectFlip.Preparer.Test.DLL" adapterTypeName="Microsoft.VisualStudio.TestTools.TestTypes.Unit.UnitTestAdapter, Microsoft.VisualStudio.QualityTools.Tips.UnitTest.Adapter, Version=10.0.0.0, Culture=neutral, PublicKeyToken=b03f5f7f11d50a3a" className="ProjectFlip.Preparer.Test.ImageExtractorProcessorTest, ProjectFlip.Preparer.Test, Version=1.0.0.0, Culture=neutral, PublicKeyToken=null" name="ExtractImageTest" />
    </UnitTest>
    <UnitTest name="ImageTest" storage="j:\dev\flip_svn.elmermx.ch\code\trunk\projectflip\projectflip.services.test\bin\debug\projectflip.services.test.dll" id="9f8b89bf-40a2-8d94-74ce-30418e6a0f3b">
      <Execution id="fcf08392-4c75-4cbd-934b-27cb0ae0ab78" />
      <TestMethod codeBase="J:/dev/flip_svn.elmermx.ch/code/trunk/ProjectFlip/ProjectFlip.Services.Test/bin/Debug/ProjectFlip.Services.Test.DLL" adapterTypeName="Microsoft.VisualStudio.TestTools.TestTypes.Unit.UnitTestAdapter, Microsoft.VisualStudio.QualityTools.Tips.UnitTest.Adapter, Version=10.0.0.0, Culture=neutral, PublicKeyToken=b03f5f7f11d50a3a" className="ProjectFlip.Services.Test.ProjectNoteTest, ProjectFlip.Services.Test, Version=1.0.0.0, Culture=neutral, PublicKeyToken=null" name="ImageTest" />
    </UnitTest>
  </TestDefinitions>
  <TestLists>
    <TestList name="Results Not in a List" id="8c84fa94-04c1-424b-9868-57a2d4851a1d" />
    <TestList name="All Loaded Results" id="19431567-8539-422a-85d7-44ee4e166bda" />
  </TestLists>
  <TestEntries>
    <TestEntry testId="16a754d1-abe1-b7cb-6692-10287c0de9e8" executionId="e6836760-2b5b-48d9-a4cc-899b247675be" testListId="8c84fa94-04c1-424b-9868-57a2d4851a1d" />
    <TestEntry testId="44822a49-3d3a-3cd9-6a83-bfb87b866eb6" executionId="8b1ac195-f69b-47cb-89a2-c562bbc396f7" testListId="8c84fa94-04c1-424b-9868-57a2d4851a1d" />
    <TestEntry testId="66d8e483-98ef-7f5c-f82e-282eb285173f" executionId="d7762f3e-93f8-46b7-a513-b626b452719b" testListId="8c84fa94-04c1-424b-9868-57a2d4851a1d" />
    <TestEntry testId="96c1f950-7ba2-0f26-3c1e-e3d2807e5697" executionId="c06adf9e-9bdf-4b58-b437-16984f7ce109" testListId="8c84fa94-04c1-424b-9868-57a2d4851a1d" />
    <TestEntry testId="9f8b89bf-40a2-8d94-74ce-30418e6a0f3b" executionId="fcf08392-4c75-4cbd-934b-27cb0ae0ab78" testListId="8c84fa94-04c1-424b-9868-57a2d4851a1d" />
    <TestEntry testId="a04b1365-3a46-4a28-167b-1bc7531188c1" executionId="356a1763-d66c-426f-b7ea-eb71d86d466a" testListId="8c84fa94-04c1-424b-9868-57a2d4851a1d" />
    <TestEntry testId="bccb58cc-1cce-162f-54b4-53ddafd79ee2" executionId="1efc0245-b1f3-4256-9a31-fd99a99dc065" testListId="8c84fa94-04c1-424b-9868-57a2d4851a1d" />
    <TestEntry testId="ebb56ab5-42d5-71fc-9442-26dde5656280" executionId="e834313d-d9b4-46ca-adf0-28b8ff63b1dd" testListId="8c84fa94-04c1-424b-9868-57a2d4851a1d" />
    <TestEntry testId="ed30b4e0-dba3-8e7f-0ab5-fcc96c1c7e5e" executionId="292b2cb2-9c90-46bf-a0dc-07fbf96ee78e" testListId="8c84fa94-04c1-424b-9868-57a2d4851a1d" />
  </TestEntries>
  <Results>
    <UnitTestResult executionId="e6836760-2b5b-48d9-a4cc-899b247675be" testId="16a754d1-abe1-b7cb-6692-10287c0de9e8" testName="LineTest" computerName="LUKESPC" duration="00:00:00.0206277" startTime="2011-10-30T23:39:28.3769359+01:00" endTime="2011-10-30T23:39:28.5639466+01:00" testType="13cdc9d9-ddb5-4fa4-a97d-d965ccfc6d4b" outcome="Passed" testListId="8c84fa94-04c1-424b-9868-57a2d4851a1d" relativeResultsDirectory="e6836760-2b5b-48d9-a4cc-899b247675be">
    </UnitTestResult>
    <UnitTestResult executionId="8b1ac195-f69b-47cb-89a2-c562bbc396f7" testId="44822a49-3d3a-3cd9-6a83-bfb87b866eb6" testName="NotifyTest" computerName="LUKESPC" duration="00:00:00.0159349" startTime="2011-10-30T23:39:28.5649467+01:00" endTime="2011-10-30T23:39:28.7499573+01:00" testType="13cdc9d9-ddb5-4fa4-a97d-d965ccfc6d4b" outcome="Passed" testListId="8c84fa94-04c1-424b-9868-57a2d4851a1d" relativeResultsDirectory="8b1ac195-f69b-47cb-89a2-c562bbc396f7">
    </UnitTestResult>
    <UnitTestResult executionId="d7762f3e-93f8-46b7-a513-b626b452719b" testId="66d8e483-98ef-7f5c-f82e-282eb285173f" testName="ImportTest" computerName="LUKESPC" duration="00:00:00.0150311" startTime="2011-10-30T23:39:28.7519574+01:00" endTime="2011-10-30T23:39:28.9319677+01:00" testType="13cdc9d9-ddb5-4fa4-a97d-d965ccfc6d4b" outcome="Passed" testListId="8c84fa94-04c1-424b-9868-57a2d4851a1d" relativeResultsDirectory="d7762f3e-93f8-46b7-a513-b626b452719b">
    </UnitTestResult>
    <UnitTestResult executionId="c06adf9e-9bdf-4b58-b437-16984f7ce109" testId="96c1f950-7ba2-0f26-3c1e-e3d2807e5697" testName="OverviewWindowViewModelProjectNotesTest" computerName="LUKESPC" duration="00:00:00.0003167" startTime="2011-10-30T23:39:28.9329677+01:00" endTime="2011-10-30T23:39:28.9369680+01:00" testType="13cdc9d9-ddb5-4fa4-a97d-d965ccfc6d4b" outcome="Passed" testListId="8c84fa94-04c1-424b-9868-57a2d4851a1d" relativeResultsDirectory="c06adf9e-9bdf-4b58-b437-16984f7ce109">
    </UnitTestResult>
    <UnitTestResult executionId="fcf08392-4c75-4cbd-934b-27cb0ae0ab78" testId="9f8b89bf-40a2-8d94-74ce-30418e6a0f3b" testName="ImageTest" computerName="LUKESPC" duration="00:00:00.0042592" startTime="2011-10-30T23:39:28.9379680+01:00" endTime="2011-10-30T23:39:28.9449684+01:00" testType="13cdc9d9-ddb5-4fa4-a97d-d965ccfc6d4b" outcome="Passed" testListId="8c84fa94-04c1-424b-9868-57a2d4851a1d" relativeResultsDirectory="fcf08392-4c75-4cbd-934b-27cb0ae0ab78">
    </UnitTestResult>
    <UnitTestResult executionId="356a1763-d66c-426f-b7ea-eb71d86d466a" testId="a04b1365-3a46-4a28-167b-1bc7531188c1" testName="ExtractImageTest" computerName="LUKESPC" duration="00:00:00.5010304" startTime="2011-10-30T23:39:28.9459685+01:00" endTime="2011-10-30T23:39:29.6080064+01:00" testType="13cdc9d9-ddb5-4fa4-a97d-d965ccfc6d4b" outcome="Passed" testListId="8c84fa94-04c1-424b-9868-57a2d4851a1d" relativeResultsDirectory="356a1763-d66c-426f-b7ea-eb71d86d466a">
      <Output>
        <StdOut>�PNG
&#x1A;
\0\0\0IHDR\0\0\0�\0\0\0�&#x8;&#x6;\0\0\0S� ?\0\0\0&#x1;sRGB\0��&#x1C;�\0\0\0&#x4;gAMA\0\0��&#xB;�a&#x5;\0\0\0	pHYs\0\0&#xE;�\0\0&#xE;�&#x1;�o�d\0\0��IDATx^��e��i��&#xB;��q���]]U)�&#x6;&#x16;D\0��&#x13;&#x1;���&#x7;���;$��&#x1A;A&#x4;&#x4;�.��CfVU��g��g�C.VF&amp;TWw��c�Wֻ���{�L��&#x17;&#x16;*?&gt;xf?=|��������C{z�=�y�^ݹc?ݻg?޽�^t&#x1C;8w����C��i{tߞ\�b��6ۑ�;���&#xB;�~|a����byp��_&#x1F;&gt;�ڇ���-��P���G�������G���{v��i�s�����&#x1D;&gt;C@������M'{|���������s�}x�}���&gt;��7�ʱ�|�]|�����=}�����v�S�����۫G��&#xF;�ً�������;!r������ɣ7���&#xF;M��}�������9��9��&#x1D;���ڋ����+�����{q��s���/&#x1F;q���s&gt;��ʓ�g|z�&#x1D;D���[�\��&gt;T���]�_����7.��s���m���k���n�ߞܰ������u���7���������N���V�C���&#x11;�ѣko��&#x1F;�`?=��N�����&#x1F;�_�{���;���]^ݻl���1]�&#x1F;���ǃ�#͏&#xF;�X����)\0�D���&#x7;�n&#x5;�*yy����u���&#x1B;��&#x3;��
�u^7�@��=�����&#x3;�sˮ�&lt;f'�������&#xB;\0�!7Q
Pt�����w��J&#x4;����?�=�{��&#x2;ڽKg�����&#x1B;�&#x1;�}ɏ��9���u�3\0�w&#x11;�`\;y�.&#x1C;:�wM��W.�&#x5;��xn���g��&amp;�������&#x6;`	L��z�"���昅�у7�G~3��{P��)��&#x1D;�����D����&#x1E;��L?=f�{&#x16;X,~_X ��G�X��&amp;�&#x1A;��&#x6;o&#x5;b&#xF;f-�/�\�&#x7;WN�������_?��qc�@���{�o~ߟ���!��&#x16;�P���M�s��/z�Ww�����Zz~���t�����=t���7.�&#x1;3�O�_׿�?N���#���&#x8;��`~q&#xF;@�	���, ?�q�m&#x5;`�gjݼ��&#x5;&#x1C;��c�K.&#x1F;=�����c)�����&#x10;�&#x6;����]����)@�&#x1B;����U{x��&#x3;���&#x1C;S�;�����h&#x1F;w���]c�&#x1F;�����9}n��&#xB;�&#x16;�c�{�d�^��s�7�w&#x18;��=~7^���&#x1F;�x���&#x1E;&#x2;�&#x10;�&#x11;����o_=�g/��5m=�z&#x1C;\0��#/�q�߻&#xE;C�&#x19;ؾb�&#x11;�Jk���&#x16;�\0����%�3��&#x5;�k�&#x1F;���o��w�&#x4;&#x16;���z�.'���7��/Ry&#x17;M�G��w&#x5;���.���&#x6;f���&#x7;&#x3;���˯A���.�z����'���-T&#x4;ޗ�acD�=�&#x1D;`c�o03?�r&#x5;�c�~�&#x1;[�	8���V&#xC;���Z����$�^&#x17;&#xF;&#x1F;�{&#x17;/��]?�X:TR&#x3;���{q�[���&#x1B;\0&#x1B;�ӽ[\0��ݽx��_:���&#x16;Pˤ^�����ϒ���9}v-V�ע���&#x15;w���Sv&lt;!�N%%��S'1[`�G\0&#x7; ������"�g	�&#x17;��X�&lt;��Htރ��^��w��&#xF;x.����@,���6���&#x1;�]&#xB;J*&#x1A;A��&#x10;8f�~&#x4;�PO�.�7�ڷ���Ťo�_����&#x15;���^��u&#x3;K��}��&#x1D;ܹ��m]�Z��+ڇ&#x1E;�b%��]w��o_y�&lt;�u&#x19;2��N��뽺+fSt��i��V���C�!����͋����3���H�&#x14;�&#x5;䎓g\0V�&#x1C;�I��&#x4;�
�&#x2;�&#x17;&#xF;N&#x1;S��&#x1A;o&#x8;����[&#x2;��&#x18;��{,&#x6;�o��&#x7;��t����l��M��&#x1;;�s��;��n|�σB�g7`�&#x14;V�@ҟ�[�
=��&#xB;�~��k����pG�-&gt;�&#xF;,&amp;籧O٭���.���&#x6;�)!�#�y&#x2;�&#x3;\0A����^��Y���5�?&#x16;7}&#x6;i"b�s&#x7;�&#x3;�&#x13;�x�j��K&gt;ǫ�z]i&#x3;R��&lt;&#x1;�z�j+&#x10;?�ZI0�_rs�d�x&#x17;y�u�&#x1;�3D���YX�&#x3;�'���|_���Z,&#x4;Z�&#x5;�j	?bB�}`��!ⴏ a!����7
�g�&#x4;�N_�7�`��⁳�&#xF;��d'&#x12;w:p��&#x1D;\0�4,�n������1=x���
,)�|���Z&#x2;`j���k&gt;o
���&#x2;j\0���&gt;�Θ���:��J&#x12;�&#x1E;i&#x1E;q�I&#x1E;&#x3;�'|٧ܘ��W�C�R�&#x5;f���ˀ�*��M\0w����7�&#x11;�s#���&#x1D;�S�����N�&#x16;S���^���&#x4;&#x6;Ϫ�zu]�&#x7;&#x3;���S[���)&#x10;�Ĥ�Ξ��?�4&#x5;��zL��O���������#���]�Z�Ϝ��۶��D�'��3&#x16;���n?�����OZ&lt;�rS�20�u03&#x7;&#x3;=5&#x16;�s&#x2;��}
X��xI��!@뼀���&#x14;ϲo2�T�Pq�O�������#��{�&#x11;�_
�/Yx&#x1C;X�&#x17;�,Oo\�&#x1B;gX0�v��c&#x7;��&#x3;政W���~���/&#x16;2^'Tdn�Jj��#��&#x1D;��K�^��Z��]&#x4;�&#x17;YH� ���4&#xF;a�G7��n
�\0(�&#xF;��&#x16;���&#x16;#��%&#xF;.᜸��&#xF;&#x2;/�r&#x13;;�&#x16;7�mTw�&#x12;�{��.&#x10;I��H &#x12;C'm��H&#x2;��8&#x1;M@�pf
[�m��J쿋�}~-H�&#x7;����S���q�]p��f&#x8;&#x16;}^&#xF;ҷm�M�sZ�M�&#x14;&#x1E;�գ�,q�F;�7ў����&amp;��&#x6;��
���&#x8;�&#x1E;`&#x2;W0;&#x7;3�&#xB;&#x16;�D^�9xy��E]��XY�&#x13;l��c`ƴaA&#xE;�W�V���o�Z�d�&#x4;GN�f%-J�+�F*�&#x1C;�&#x1B;&#x17;/@�:�L&amp;�&#x19;yP���׀�&#x16;&amp;s�M�&#x16;&#x10;*�]���&#xB;h&#xF;&#x1;MQ��[��&#x1C;&#x7;���W]�Hf��\��4&#xF;�_6��&#x1B;W�&#x11;+��[0H��"��C%�&#xE;�Y"P����^�m�.�5F&#x1E;]��9��&#x2;f&#x7;h�Y7�W}�#&#xB;�&#x2;�@��&#x16;;�c��&#x17;�&#x15;b&#x12;0�no&#x3;Q�㩃��\0Ｔ&#x7;�5h�����h�Μ�&#x1F;��B�?��_�˳�&lt;�~&#x11;z�V�	�i���&#x16;p&#x1;[�&amp;7ڭ{v��Q;�}�����y��~䳼LQ�&#x5;��EV�o��&#x2;3��? �X\~|�Ƚ�L�&#x7;�\0��r_�&#x15;�j�O��e�˙&#x16;,�1�K@�&#x12;�+T���#�?&#x13;9	����s�y�?���&amp;`&#xB;&#xB;���&#x16;�V&gt;��+W8�MǺF�����۴�Ѕ8��z���u����&#x11;l΅&gt;ߛp�&#x7;�]�9�Ks��%�&#x4;&#x3;Z�&#xE;&#x15;&#x1;55&#x11;&#x1B;�b3�6&#x16;��G�榸t����7&#x10;X�&#x7;����7tM &#x4;�?«�&#x2;�&gt;�&#x7;�&#x1C;F&#x7;����,S&#xC;W�닿D������~&#xF;&#x5;�&#x1F;�~�&#x1;�,��
*�Ig�*&gt;-S@?�^;���X�כ&#xC;&#xE;������7��?��&lt;E�y�&#x6;�E�⾃v|�&#x1E;��|�&#x1E;&#x3;�'\+f�j���kK&#x2;�&#x7;��&#x1A;�(��A&#x16;`�{&#xE;�zo&#x1;��ĳS&#x3;�&#x1C;h/��$U0���~F�绂��;8�&#x10;�g�K��x@{MM��&#x7;��=����K����hR[`�L
������W�Y��'���Hs&#x1F;&#x15;�!&#xF;&gt;&#x10;�P����j&amp;	&#x1C;&#x3;Vg��&#x1A;����&#x8;&#x1B;�&#x3;��&#x15;T�k&#x2;�\0{&#x17;&#x10;_���/۝s�`j���� @���z���#���W�V`R�G���Z=�/�&#x6;PR�_HCp�&#x2;6��Zi&#xB;
�	L�{SBj�&#xC;���캴�����&#x15;V&lt;�.P�5&#x4;b&#x1;Zj�&#x16;�&#x7;�/�&#x1F;ҫ�&#x1E;�R}��G�xBB�&#x1C;i�Y��r���&#x16;�σJ��&#x12;�u�߸�_�\0s�x�&#xB;j�����\�&gt;;�c�{��$�&lt;��F,-�V~&#x4;@�&#x14;5X�/X�&#x2;*�"&#x12;rd��5���`l&#x18;��^&#x12;�x!�������y�W��?)֯&#x10;�&#x16;&#xF;�oϦv��&#x5;&#x1E;ӵؾA�=�/&#x8;�&#x4;�r��&#x8;[�+.Pk��&#x7;��&lt;������+��&#x15;���ϥ�C��#�9 )63��LD%�r�U���?���s��^��2�ǐ�I�&#x8;�eG&#xE;&#xF;��$�u�.&#x1D;9d��,���;w/&#x10;��Ђ�
m�+��L9&#x17;b���&#x19;���_&#x2;�&#xB;i�¡�qH��Hޗ�wI��*6R�h_"5��&#xF;7��c���zrMjp�.�{E�&#x10;\0���9&#x1E;�\zñ�Ul�|&#x1E;��G&#x15;�uN@�*{f�&gt;w���.*�}&#x1;�'����V�Þ&#x3;�Py�PZ
&#x18;=(&#x3;����-X��Kڂ&#x1C;tz�&#x1F;N&#x1C;w��Wu&#x4;�&#x17;�&#x1;Z�&#x15;���^����&#xF;���\0�/�s^\�&#xB;*�!O��臋��&#xB;̛GW/حs'�����ݻ�T|�=�~�Ql�g�b�&#x17;E&#x15;��|�&#x17;,&#x4;&#x2;�&#x13;�&#x12;�&#x7;&#x1F;?� w@�%!G�^^;�R����*g���Ю&#x1D;�w���&#x1C;T)�{�&lt;@/�&#x19;���&lt;�N�c��&#x5;�&#x15;�����&amp;�^�(p&#x1F;&#x4;"*�}�/��^�����W�&#x1C;�K&#x7;&#xE;�M��&#x17;&#x2;\0�7-d��&#x4;&#x6;��_���&#x1D;�&#x17;yW-0U0&#x15;��oy�C����C��^^��uo������&#xF;idӆ��W�礂:y' &#x7;X+X�&#xF;"���ts&#x8;&#x10;�G�cB�x{8����|&#xC;W7��&#x17;�ĖG��v��y�H�`�&#x7;,&#x16;�
�ڦ
f&#x17;J{S~Ou�&#x1F;�ϧ�&#xF;�or�]:r�&#x1;:���a�s��&#x12;�&#x16;�&#x1;�&#x7;�s@�&#x12;&#x10;K��x�o���7E�+���K�=��s�{_�&#x19;w&#x18;����$�]��&#x7;&gt;�&#x7;\&#xC;#&#x10;�eH���R_&#x3;�o ܨs����p�~O�&gt;�U�?�	@��&#x1F;��zS�{��5�&amp;�z&#x1F;&gt;z���&#x1C;E&#x1;0���&#x1C;z�\0U��~?�&#x1B;�!���ι�_��w�����&#xE;�Xp~Ft&#xF;&#x8;�������4&#xF;/˦}S&#x4;dy��_��m�:+������J�~S��&#x12;&#x1F;�&#x11;�&#x5;����:&#x11;c�q�@b:�gJ&#xF;p�I��5��u���z��}6y���b-}�G&#x17;�q���Ej�T���&#x18;
n&#x1D;���&gt;��&#x1E;&#x2;��9�!轵�&lt;E�~D�ɓ��&#x1;&#x1;�@���&#x19;��.`�(�{Pk�&#x7;�I�N׎&#x1E;��{���}����?O��S"����&#x10;��J#A5}�V6�Sy�屗��e�&#x5;�ɷ�@��&#x5;�;�������k(ڠح&#x12;:&#x2;�V�+�.[��&#x1F;P��y�A��p�r&#x16;�����;�&lt;q����'�/��4&#x1E;&#x1;Z�~��܇�JfNm�J�&#x1;��$0�^���B�4ik��&#x10;3&#xB;��"p&#xB;��Fk�ر\0-���&#x12;\0n�&#x8;&#xC;ށ���&#x3;I�&#x5;f��@⁫�����Q�#�:�u&gt;\�&#x1B;O�R��	��&#x1B;Ǐ��]���_y����֐���
��ւ����jm�B"�&#x16;���K�{gO90&#xB;�be&#xF;�w&#x1;�&#x18;ك��&#x12;_(6�w&#x10;��&#x1B;R7߅�����]v����&#x16;"uK`�F|�o�P&#xB;�&#x16;S�&#xB;�K&#x1;�@��:dĲ�]�j���_�;�U���4\&#x1;Q�&#x16;��.��{�7���&#x1F;&#x1;�nt1�n~�^&#x17;����)mgǲe���%&lt;&#x5;&#x12;��+�����`~����"0&#x7;&#x3;ړU�`&#x16;��ӊ&#x1B;��&lt;�&#x2;���&#x10;� ��0&#x17;7|���&#xF;fB�z&gt;�B�
�
%&#x8;ܺރV_^7�&#x16;&#x3;�&#x12;:�A��&#x1E;lw&#x8;%�NHp��M�X+�\0&#x11;,��*#o��~�&#x8;&#x6;��4&#xB;}&gt;&#x1F;*�&#x5;��&amp;�=&#xF;&#x2;�S�����.`&#x16;�����X�\0��g&#xE;�&#x18;���zf�^KބF���&#x6;�k�ST~&#x17;&#x19;Pހ&#x1C;e�3qR	���^;�o�&#xB;F|(H�[&#xE;(��&#x6;��&#x3;�&#xF;�%Y�v�_����Z����V��{��]���&#xB;1��&#x2;�&#x13;~Km��l�Ԓb�&#x15;̲���^&#x3;u&#x1A;E
K;f�=5�Ǌ�_�0�&#x1F;\0�W�=&#x18;&lt;+�&#x2;J Y�p�&#x1D;޵ӁE7���&#xB;v�{�y�υ��Z����١&#x15;X,&amp;�&#x16;�yuD�~���6�&#x7;g������5�__w��&gt;��%���Sǜ����&#x14;��Ǜ��ba��������恎���=�=u���|�&gt;;I5څC���O�v��p{��&#x2;&#x12; ^��*���������_d�&#x1F;!�p&#xC;��&#x1F;0)�R&#xC;��&#x18;H5TUQ �X�&gt;51�\�y�,*���&#x15;��&#x12;~����M&#x2;�g@�y�h�&#xB;&#x15;�&#x1F;�n�=k�Y&#x2;��&#x1D;�&#x4;�}&#x2;Y�o&#x15;��&#x13;�&#x18;�-��&#x3;U&#x4;�[�m~�&#xC;�5&#x4;
�Rs�y��3����ֿ&#xB;f�f&#x7;T���=&#x8;��\0�j(0&#x14;��*'��Q&#x1F;{��&#x1E;�&lt;og{�ȳ�s&#xC;�'��'S�&#x16;[��ԟ&amp;f�&#xB;��	��#0&#x7;/&#x1A;�i&#x15;^[H����Z���Y��u�(v�&#x11;w�&#x15;7�@�����y�+o�@&#x11;*�恎�f��&#xB;v|&lt;&#x7;�wϟ��I{��n&#x1C;e�{���&#x13;�,\0�r&#x8;.R&#x19;�&#x2;�3��ߓl��&#x1B;ޣ����1g�����+&#x4;&#x8;&#x14;&#x1;&#x4;�W&#x15;�}U&#x5;���&#x18;B��&#x15;A�A&#x16;�{�����&#xC;��&#x6;����l�^��&#x1F;&#x11;&#x11;a����{�;6��J�����9&#x18;�Ww�&#x1A;�=�&#x1D;�&#x5;�P&#x11;[&#xB;Ŀ���n\0Z!���E&#x7;�`�&#xF;�&#x1;�&#x1;�&#x1A;&#xB;�Tm�XZ���[�o�J&#x7;�z���Tw9�R�&#x1B;���b�
�
�H.��7X��s&#x5;�`{���o&#xF;f�=���&#x3;��bb9�&#x1E;���?s�&#x1;��a��\0��ٓ���&#x10;vz��&#x2;W嘡&#x12;j&#x1E;�X&#xB;��d��15ηW�&#x10;X����v��^;�g��I�ew�&#x1E;���&#x2;�1T�g^�&#xE;	��&#x16;�&#xB;����&#x6;&#xE;T���G��w/��~��5&#x5;�&#x2;�&#x17;�{x&#x15;� ���&#x4;r=��5"\0)&#xB;��	�&#x19;C��*�&#xF;�qf��&amp;6�z-��~�&#x18;q�@&#x11;�wz��|���p����3��Gc����9U�&#x1;�/9��E���E`��Y&#xE;1&#xF;�ݬ&#x15;�&#x1F;&#x3;��&#x18;&#xC;��&#x2;��Sr��9k+�	в��&#x1D;`�N,��^=��#����t�+Dq&#x12;@&#x1F;ھ�Ō&#x5;H}&amp;��_��#`VhJ&#xE;0�ײ��\0��,P_&gt;�Ϯ&#x1C;������N̡L�c-B�&#x12;
p}�Ǆ�&#x1E;^d&#x1;dAxq&#x1D;��*ϽL���!;�}�&#x1D;ٱ��?a���$�޻f�y�"�����P��&#x5;�x�aק7P���WO&#x3;h&#x1;&#x17;���@��Ӕ��[h&#x15;�&#x1E;{~[UMD8t&#x1D;�^p,0������/�&#x2;����&#x14;�\�ۭ�&#x16;�|��;k��Ǉ�����w��`�����އ&#x12;��=�Ʃ��&#x3;��F��'��&#x15;�5��ȝ�ܜ&#x17;&#x2;r&#xF;5O�C�y&#x16;&#xE;�
�&#x1E;̿��^�&#x15;��Ur��wP��񃋹��&#x7;�#��ޙ��/��j+ ;ۘ�
�c����&#x19;b�{ׯ��[��=�nR�n�k���E�](Kj�4&#x13;�OM&#x14;�z&#x2;��SJ)�Y,��
&#x5;�|�Kص�vl��G&#xF;9��&gt;M&#x11;�]"Ξ"R�&#x1F;^f����Ft����P0��%���s&lt;b1z�&#x10;&#x18;&#xB;�&#xB;T�W�e���d�s�$�����ܢ��̧�!O8��&#x11;q�&#x7;��&#xF;x�&#x7;��x��N�%���
p���&#x1F;q&#x7;�=ۻWN�-v��04�n&#x1E;sN��&#x1;�wy��'���Cv�d��:����ZmI�W���m�S�(p&#x13;rz�A&#x5;&#x5;Z|&#x2;��/	=�zR6�cqg3cޠ&#x5;&lt;�d��{&#x12;��&#x1C;��&#x1D;(2඼��&#x1F;���~��&#x19;&#x18;&#x19;��B�T�ݠ4��&#x12;RTL�,B�^�)AF�lje[=�z���?�&gt;�L�_Je����f�m�T��&#x13;oR����3O&#xE;�`����)b�)r�4@&#x5;�&#xF;&#x1;�&#x3;���^vr�t��g�&gt;Ą�{�E�&#x10;H$:��c�&#x1D;?�Tn�Mu��n lA���Iy|z�&#x1F;�&#x2;���s���I&#x18;��gWy�J��&#x17;	�&#x8;��a�*Ñ6���9;���&#xE;n�l���
�&#x6;��F��s��&#x1C;�2&#x16;�g�\0��_�=�}&#x1E;�&#x1;x����ה&lt;`�	�&lt;���&#x1A;��&#x1D;�}��&#x6;'����_&#x3;�'R?/&#x11;Һ&#x2;����.�Yv&#x19;o8��`� v�&#x7;e���J� �Y|��z&gt;���$��ٟ&#x11;FTʨ�&#x5;�&gt;7���Sx�/��	��cL�W\0�/*�Ǯ�&lt;&#x3;��n&#x8;\0,�7��û�ͷ���k���M@x���p&#x1;_&#x6;��.�:h���\��n;�o�%�\e[7,������K��E���&#x17;&#x1F;��i&#x13;&#x7;۸��m��N6�o+�&#x15;��:w�cm[V���c�}�X���xڤ��}�B�p"��_�w&#x13;�Q�&#x1F;���&#x12;��R&#x1D;��
M��?�����Ƿ�W\0�&#x13;�&#x1F;��&lt;��&#x3;��E%w�,t�&#x1E;h1x��;&#x16;�{�&amp;g��ۭ����&#x17;^�E\0g&#x1E;�?!��&#x19;��/y��u^|Ź���&#x15;Ž&#x3;a:5OP����{���޵%��Y�s&#x1A;&#x1;����v�ؙ�r&#x1F;\0?&#x2;�O(�xJ��&#x13;��{�Ia=���Ri=��ئ8�B��w=&#xE;N"y&#x1D;����*�&gt;&lt;�����&gt;�]���F�y;Y&#xC;�&#x1D;F��Y@}��I�p��OH��;h?�k��8|�^�p&#x8;�wO&#x10;�����y����&#x1E;��·�&#x7;r��&#x11;��	�S���n�Իr0	�n����&#xF;�9&#x3;��Ǘ�&#x1E;��&#x12;��c��YL\r&#x3;�@ڐ�p,p^���
wX8��੄�@��I&lt;�"�&lt;��E���C��t常&#xF;&#xB;�a��&#x3;v�&#x14;^��	v8a��ݺ�vlXd�&#x17;Ͱ%Kf�w�M���&#xC;��3�X��m��֫G&#x1B;�ؾ�5oZӚ6���u�XLt!��լQ���-�&gt;ҰA&#x5;kҸ�5kZٚ7�b�Z�X��5�c��֡}-�ܩ�����z�l���Է	�{آ��l���v��A\0͢C߫W4&#xE;P��&#xB;\0�ȀZ&#x6;�����&#x18;5�&#x1;꾶�G��?n&#x7;��&#x1;����80&#x13;�w"������&#x4;|,&#x7;0͔��f�{Ɂ��H�L�G���s����Z�9�����-��`~Nu��&#x2;+*5��u�&#x1C;��in����'��&#x3;�f��&#x4;d&#xF;�T�&#xC;�SS����&#x12;H�m��n`��&#x3;X &#x16;pu�&#x5;\0-f&#x12;S+T��F*�@���B&#x1;�RL��&#x4;�/`3��yy_��ڹ����`�\`�c&#x2;����&#x5;hmCE�CE��&#xB;�{^
k� &#x15;�"&#x19;k��{��V&#x11;&#x7;�&#x1;��&#xF;�v��{�-�(E&#x1E;\0����.��(�&gt;@�~D��&gt;v��&#xB;�H�!w��q���.��T��8��]&lt;It �&#x12;6,��c&#x7;؀�&#x16;6�w&#x1B;�ܺ��kY�Z4����+:&#x10;֯_�&#x1A;6*g�j��J�"�l�p+_&gt;��Ĕ���e�J�b&#x1C;&#x17;r�+V�g�c&#xB;[�&amp;&#x15;�&#x1D;\0�&#x8;(;v�m�;�&#xC;&#x1C;w�c&#x1D;8��uܱ�=�n�&amp;��&#x2;�N��Y��F֭k&#x3;��V�zuolC&#x7;���f���K?��I���y�&#x11;꾡&#xE;&#x1F;xџb�߽p&#x1C;G&amp;y�bp��)"���`2(�.X&lt;���,֕�C�J9/�����T\�0ZH�fR&#xB;���Y��o&#x7;�\0,&#x11;CK�&#x16;���R�&#x5;fɍc���&#xB;�{�M�k?50�&#x13;k����V�.9�d3&#xB;�.[6���&#x2;�`V���η\0����\2&#x7;���&#x1A;3?O&#x1;���G�&#x5;Z&#x1;V�,&#x6;=�;ގm���Z��s&#x2;�\0|�����&#x13;�����sZ&#x14;t�cy��E���&#xB;���y&#x1F;&lt;�MK�ˮ&#x4;��C&lt;���4&#xF;\0�B���!y�D&#x1A;�&#x1C;�0�=��z��}�2\0����^}x�E�&#x1A;�&#x1B;v�%���k�mX��-�f�M&#x1D;���4��&#x6;�K[˦U�5�m�65�-�k'�&#x1;�&#xE;�cs&#x18;�i�V&#x1B;֭\����j�n��V�n%�KY4��&#xB;��7,c�����J֬Ee�ع�u�&#x2;p;�rұsm&#x4;�&#x3;�N�vg\0۩K@t�C�z)ۺ־c-�ޣ�����z�hh�&#x1;voT�;���g���v�,l&#x1B;���D���b����`~��/y��&#x2;٧̾V�S��&#x15;E.҈��&#x2;��]Ρ)0��&#x5;l��+���X&gt;�&#x4;��v0K�&#x16;�&#x5;fg3��:�y&#x1;�!��;��0�&#x19;C)��@&#x11;h��)&#x14;Њ��GEꢼ�7&#x5;H@��^˫֞���R��&#x15;8&#x4;f��K+�5&#x4;h�&#x1;:�-0K�&#x15;8�&#x16;&#xB;��&#x17;�&#x15;�j�R�~��&#x2;��d��)����-����&#x13;�o&#x1D;=��6�y��&#x19;��Hn����\�A;��l瓨�:��}&#x6;�&#x1C;{�	ξ�8�&#x1E;�)�&lt;�&amp;Ӎ&amp;�'o9�e&#x1;��&#x1D;��:e��&#x13;�@�:[��s�|�(&#x1B;3������ġƶ�m�&#x1;U�n�&#x13;�m/���k�&gt;�&#x1A;�&#x2;��*X�Fe�i��0m&#xC;`�du�U���x�Q��jS&#xF;�ֲ���s���Z�V��I��ּuekס:�����u�h&#x1E;�a[�ڴׂ��ܞ��Pω�u�}���s&#x17;��G#�ڣ�u�Y׺�ձ8�ݷoS&#x1B;з%Lݎ��ű�&amp;l��&#x6;�	�)�%v~�g��&#xF;�&#x1B;o��E�����*3c&#x1B;�&#x5;{ק�ʁ��&#x5;~�&#x16;vI?��ÿ�.&#xB;����&#xE;f�ǡ"@�)����\0�b�&#x2;�2�&lt;&#x13;
�&gt;q] ��+P	�!&#x5;,oo��@�&#x4;����&#xE;����������&#x15;p&#x5;bI0c;&#x1B;Z&#xE;���&#x17;�}ʞ&#xF;��~x��@jl�&#x1D;,@{�֫�:���{\0�zZ�\0l���1Ϻ�9zL�&#x4;�G�&#x12;B&#x18;�&#x16;��D˹v�&#x3;���4&#x11;tf�&#x15;���ܝh���v��E����d�&#x1;ڇ$�&lt;@}������s��~x-&#x1C;i�%X��e��ܩ6q|/�ύ�&#x3;��;��C��v�&#x11;� m`�&#x16;��;&#x16;n֦��@&#x15;nҶ�5l&#x1D;m�떰�գ�j��V�~&#x15;�U&#x7; ��&#x7;��&#x2;����Z��V�fY�Ӡ
R���A�
ִu&#x15;k�&amp;ƚ�:M[&#x2;t&#x16;��m��e�Xkӡ��n_�Z��&#x3;�k9i�&amp;pܪ&#x1D;�I{�ݱ&#x1;&#xB;K#��&#x15;�&#x6;̝{�&#x1;���[��ֽWC�ѳ�����z�lf}{�����ڔ1&#x3;m�o��i�K�f�86`~D��%���F���r$���er(��3s {-�O˩���^�&#xE;V��+p&#x1;���\0]`�&#x2;�{pI��s}&amp;�^�W�&#x5;�	&#x6;�*�+�|vW�99�|X�'̤�&#x14;Sh*4�&#x1C;|��]��lT�n&#x10;X&#x14;�&#x15;S&#xB;�W&#xE;&#x1D;r�{�T!&#x1A;�u
&#x10;�8iwN�"���c|&#x17;�{�&#x3;�B���#&amp;��o�&#x1;�u\v;��M,�&#x15;&#x11;�=��P�S�R�Þ&#x2;l&#x1;�nﴓ����&#x2;�D��v�g`ϴ�Z1���&#x13;�w:��/&#x8;&#x2;��+&amp;�s&lt;&#x1B;�&#x1A;�&#x2;0&#xB;�a�#��=接n�;#[��k&#x1F;t|W��ع����A:�&#x1;��,�&#x17;&#x14;�;d&#x17;�&amp;ڡ=�P���&#x17;�&amp;ب�ݭ7\0����&amp;&#x1;�Re���~��*��&#x1D;^�V\0�E��&#x1A;&amp;lԼ��Cծ�&#x14;.&#x1F;n&#x19;�g�e���A�?X�|Y-g�̖-,�e�������~���a�[��&#x5;&#x1;x�ըS��7�dql5j^�&#x1A;���:nج2�U�	�z3&#x16;�f�j\0�ָy��&amp;-p�a�7k%p�&#x1;�u&#x1;|}kթ����&#x2;�{�&#x1B;�9&#xE;&#x15;�&#x1B;߃��SW&#x16;������]���][�0knC&#x7;v���αS���'�f&#x19;��&#x5;`~�b�&#xC;�V&amp;�&#x7;�\0�Y�]��&#x12;}�ڻq����&#x13;3���&#xB;&gt;��U���9&#xB;�]&#xF;f���R��&#x19;:�&#x1D;�	��¡��cj��QŒ�)&#x5;B@)�h_&#xC;-�V����v��A�q&#x4;�rv"�&#x3;�R1_&#x3;�c=vK*h��p�&#x1F;&#xE;��&#x1E;���j�\0�k�&#x1;Щ1��&#x2;&#x4;d}v-8�s�8�&#x4;d�P`���J!�&#x14;v&#x15;s{��,�&gt;�y�S�u�W�&#x5;l����Z���h&#x1E;rzi1�\���\0����&#x16;�A�C��,&#x1C;	[-y�:Kޱζ�^h&#xB;��m����a&#x3;�Yߞm�g\+�ݧ����ں�ln]�7�u�Y��5\0&#x8;¶&#x5;@j�*֚&#x1;�f-�X�f��ԮW�*Ɣ�rUKX��&#xF;�&gt;���&#x1;�?����%,����fay�X�\�,WxV˜�&#x3;+Z
gW�rV&#x1B;V�Ӱ2`������&#x1E;R�a����mT&#x15;��躦	&#xB;G�&#x18;w��Q�&#x1B;��&#x1;�&#x1;t���&#x2;0�&#x2;�-:ֵ�]jZ����e&#x17;�&#x1B;iչ���;���&#x10;&#x15;�&#x11;&#xB;Scؼ!ϩ�&#x16;�z����&#x5;&#x1F;��V.��&#xE;�o�&#x11;H&#x1A;�&#x12;Z&#x8;�=&#x7;p�S��&#x2;�\0(5�]�,{Y�&#x16;C�1&amp;5;�&#x1;�=��5��҃�F&#x7;7&#x1F;&#x8;e��4f��r����l&#x1;X"`H�&#x13;L*��-�\=p���?��&#x6;0�0�̥&#x1B;ܫ�ޞ&#xC;���&lt;�&#xB;�\0�&#x1B;��7x�b����L&#x1D;�v&#x7;��_��Sli&#x15;^\;t�ٰ&#x1E;��N���CO�z�{��,������v���&#x1C;[�i�&#x19;^[}�_3�&#x16;&amp;���m��&#x1C;C�9L�&#x13;+���G��&#x19;L�c&#x7;�R�i�&#x1;��E_ۧ3���1&#x3;l8\0&#x1E;Ч�����z�n�-��z�j&#xB;&#x3;7��&#x6;&#x10;Nu��خa�jH�5&#x4;H\0O}��Q5k԰�խ[êW�bU���"�&#xB;Zɲ�-wD.�[0�E�.d�J&#x15;�l��[��ya蜖=wV�[ �&#x15;)�7�Vy��W�*U/n�&#x1B;U���c�v��V��!��$�j֏I&#x11;�_�j���&#x4;�&#x4;x&#x1;Z�&#xF;07�6m����n��\ߚ&#x1;�\0�)6}�&#xE;|&#x1F;��f\0�U��֦]c&#x16;����u�:�IM�ƚa�wjdC���aC�۴	Cl����Ծ�N�����le�i���Y�,/�XY���#hd)�yp&#x1D;zj&#x1E;n_��&#x19;��*�/&#x3;sp҈�O�&#x1;�V���6R{	��47`N9Ǵ�s�����y&#x4;�pCK&#x1D;����&#x3;���%&#x3;�m����&#xB;�^Á&#x19;�U`&#xE;&#x6;���C�������	��&#x2;w�ڧ��&#x5;t&#x1;�&#x16;j��&#x6;����xǗ@�[N]&#x16;k�C�����L&#x11;=&amp;��&#x16;rfO�&#x1D;ٲ͎"&#x17;H@	|G&#x1C;^)r��&#x13;��s&#x6;ОEkAn�&lt;H{ Z �Hrh�z۾b�-�r�}4n��&#x19;�&#x3;&#x15;���&#x3;����&#x4;ā8o���P9�8&#x1B;Sjs�V�&#x1;FM@�m۸&#x1A;�&#x2;8�y�
D5؏�Ǎ&#xF;�&#x1A;ԫe�c�X�2��e�[��&lt;�&#xF;І&#x17;&#x8;��b&#x5;�`�&#x2;��s�"r[��&#x5;,�`^&#xB;˗�"�&#x10;���+V+mѨ�5&#x1A;T�X�X5&#x1B;V㵫YL��V�N�Ug�F�X&#x1E;���z�-R�A����3�&#x19;�5�a��״����PkԪ�5ƹ�&#x8;P7��n��]�MM��}]&#x1F;��ƭ`�VX���&#x1D;kX5�ו�`�&#x3;��]&#x1A;[�!�l�&gt;6a�\0�&#x8;K:c�mY5&#x1F;GY&#x12;,L�&#xB;E&#x1C;ڪq�o�YI".Qċ
d�`�x�3��T�r�8��,&#xC;*�&#x14;�{pk�P��+4�&#x15;�ˀ&#x7;5�W���S�+�i3��X���B7&#x1D;*���!�N�s�&#x3;�����۶�p���as�&#x8;&#xC;��&#x1D;&lt;�w�s�#wN&#x4;�&#x1F;�nH&gt;j&#x17;�&#x1E;�&#xB;xl���&#xF;U� �\0�&#x19;&#x3;&#xB;��Fؒ�h�cOޡխ���	D�&#x8;+&#x1C;$U&#x1D;&#x15;�y���&#x11;����]Bǯ�&#x1F;&#x10;&#x2;�ܗ�Lq^w�&#x17;[����[o&#x1C; �&#x2;��}��&#x1;�E�9��Q~-R�S�&#xC;�`�?�i$���&#x13;����v�6�7�&#x1C;�{��&#x1E;�Z���Ɖ�v�&#x4;��c�&#x1;_`Q�r̎&#x1D;�n��|e�&amp;�Q��p촳&#x1;��&#x1F;�s����K'2��4�yՄXlcT�&#x6;ֶ&#x1D;,�jڼ%j�c�꨺լ.&#xE;����e&#x1;N�&#x6;\0�&#x1E;&#xE;+$�n�U�U�*�V�r&#x15;KYT�H+U���/\"�
p\�BI+V��ED�[�"�&#x1C;&#x13;&#x17;.�&#xF;��\0�\Њ�)d��+XL�*N��&#x2;��c�BL&#x5;^��Es,�Z��&#x13;���x�:լz��V�~u@�~#��(�j6�a5�԰�$��nV�� ��׹Zͫ[MضF�&#x18;��{Ij5�uR�	��0Ƣ��}P���%4��;��)6���&#x1E;��&amp;N&#x1A;`S�&#xC;�&#x19;S&#x7;�'�������������#.�LE&#x1F;�q��=Ϩ ���L�'$߸�l)m�^b&#x7;+&#x4;���r`&#x6;�JIe&#x3;���&#x7;&#x1C;�')�a�&#x1;i�r�)EW�-�!&amp;�+�&#xE;y�&#x7;�G�?_Q���Be�Q��&#x1;��&#x1A;�D&#x13;Ŀj\&#x11;�?Q��&#x13;�c?3*H&#x19;h�W��q�t-��#K@�&#xB;��+-��F���x�;���1��0�&#x11;�:D�:�.r�8�g��a&lt;�&#x7;�	��;@_ػ�.&amp;�&#x7;�G&#x1C;X&#x5;f�@{�&#x14;&#xE;0�&#x5;j&#x7;b�+&#x5;��
��"z�PyL_��&#x2;�^C�ɢq�E��~����&#x1E;&#x13;P�a�^ǎ�"�[�v�&#x3;��E&#xE;&gt;����v6a��[O�����x���C���&#x10;Ϋ�dY��v�M&#x18;��&#x6;�Cm���&#x6;��S�3�`�N\0�&#x3;�]��&#xE;\0Zvb��&#x8;&#xB;�r�fM��&#x1B;���G�^%�E�7&#x16;�sL��&#x16;]����ڕaĪ\0�
�&#x8;���6.ee*&#x16;&#x1;�&#x5;�D�(\0\&#x4;)l%�FYŪ�Ε���*l&#x15;���W.jU���*0q�*%�R�2x�&#x1;q,&#xC;&#x1C;�"&#x11;&#x1B;c1H���&#xE;�&#x1E;�U��K0��벸���&#x1A;�:��H`�&#x5;�k[��u�h_"@�&#x2;v]#�W&#x3;�Z&#x8;���ǰHU�;U�]��E��Ka�W�&#x1B;��z�k&#x7;3��q&#x13;&#x4;�6ib&#x1F;�1m�M&#x1A;�۾�d�mX�;BsD���?�'��5_$���;��|z&#x1B;�5KHi��G8��&#x19;#*�L%y�U%�"&#x16;�ث�
c���6T\�I��
yIt�D�&#x2;�_&#x1D;x&#x3;�󷉮���`&#x16;&#x18;���&#x1;�so��@��;A�&#x12;�&#x19;��|&#x2;&#x5;�I�&#xE;В&#x1F;Ē0�XV`&#x16;`=�=����\0Y�&#x4;3���`&#x16;;���&#x1;��&gt;��J��=n��&#x10;2%^{��]O&#x11;o&#x13;�~�)q&#xB;���2�Ν�[��v�\d{�,�s�w��K�&#xE;&#x1E;��zvomqxc{�hm����tnf�;&#x2;b�K'�66&#x5;�&#x2;2Ξvpb�q�J
��C]��k֮`�5�ᐪh�jWz��:/ۖ&#x10;R&#x1E;�Q���r�+ѣJ��\0�&#xC;�,n�cJ��@��&#x10;S}Ts^�f݊0}�5�&#x1A;�pԁ嫳&#x18;T�Y��TU\0&#xC;�V&#x7;��ꕣ+�HT�~�d�\0t0�&#x5;d1�g��bL&#x12;���A-�
����q�ܸ�Uk�
�Ġ�G��We!�R'�I���V�Fe+��P����5IZ��־s&#x13;&#x7;�&gt;��&#xE;&#x19;��ƌ�aS&amp;���f&#xF;��f&#xC;�9S��̉���?��)aO&lt;ݷ	�݃a���k�98�ă9x&#xC;�&#x3;:���'�*&#xE;��8��)0{�zІ�98��k����}&#x1B;x��w&#x6;���$�\0h�X&#xC;+�,���go=��A�&#xE;�Af��h&#xF;^m��g��u�&#x16;`�r���/�`��-�~��&#x6;����#ī�R�%wX&lt;�n&#xB;�W�&#xC;���&amp;N�[�!KS��̋����&#x19;&#x1F;I�&#x17;3�n_;�7&#x1F;��Ulℭ����&gt;���܂��&amp;���Uaߎ�k�&#x6;o��;��j��V��C�$��-k[c\0�A\�&#xE;�&#x3;�5\0lu�Uc�&#x3;��V�zY@F�4`�Q��թY�&#x1A;�-c-&#x1B;���M+Z[BFmp�IUo��P�Xދ8��Ux���7A����y�[ØRi&#x1D;�W�*��r5�&#xB;&#x1B;W���Bu&#x18;�Z&#x5;'&#x15;P�+&#x2;�*\0NR&#x15;�9Fv�&#x4;���U��=�&#x5;l��&#x2;��&#x5;�8�֩�k�\0�խR�jV���:@�fe�U���&#x15;�j��Ρ��ڝ��&#x1;C���A&#x1D;m��n6jt��&#x1D;��&amp;M�m����Of&#xE;w�&#x16;K/�j��=���&lt;*�dC�o-o�c��Բ�|��{���	w�ᰨliy�U����쬭X���9�ޫi#����R�:���&#x15;Ԟݵ}g0?8E�N
�o&#x1C;D&lt;�߶�,.&#x10;KŖ\;p�z-�&#x14;X&#x5;b��&#x2;��/&#x3;�+��&#x1E;�bi��^���mj`���V@�&#x8;�bcmoJC�}��yn&amp;&#x1E;���&#xF;ٝ&#x3;��&#xE;�&#x11;&#x8;��&#xE;�����&#x1C;�t��UL��|$~���b��&#x18;��&#x1;U�&#x14;9��ߺ5	&#x1C;m�&#x5;wj&#x6;����Ν�;i�&#x12;u��Q&#x3;l�&#x6;؈Jڨ�&#x3;�:�&#x1;�^�&#x1;��Rl9+&#xF;S	�UQ��&#x3;���a�"W�#)��I��C6V���Q߉��!n�s�e�jւ����H�h�b���i3��YnL��&#x6;Z@�زV�&#x6;��Z��G�^\0���&#x1C;�\0�\0�LLy�&#x15;k��D���5Q���+Ն�&#x1;�&#x7;���}��گ��]�VM�T�&amp;&#xB;�$���ζ�;�&#x10;[���T&#x3;�,&#x1A;,2&#xE;��&#x10;&#x4;���;��&#x11;q6zL&#xF;&#x7;�#�ؘQ�\"��)&#x3;�9#m��D&#x6;��ҹ&#x1F;��m.���L1��QHR���&#xE;&#x5;�+�\0�R�&#x5;&gt;��f&#x14;J&#x7;��&#xC;f�`P{�;&#x18;С�����o���&#x1C;X)%����0&#xC;ű2�t쫩&lt;3KM&#x16;x�&#x1E;0{�0���=K&#x7;&#x3;WL-0K&#x1D;�&#x8;��)&#x16;l?{���&#x19;&lt;5�{\0&#x7;o=�_&#x3;Tη��v�T�;dd�VV&#x16;��Ź[�]��}��4����C�&#x1D;}��嵋�&#x11;&#xB;�I�PCb�8���u�o�\&#x6;�����&#x1B;�ꨘ)L��n�ȅ\�� �M��F&#x1D;\0,[�&#x16;,T�&#x1C;�&#x8;�ľ�W�J�\0��&#x13;c&#xB;c���V�1jgK\0�&#x16; Ǒ�տS&#x1B;ҵ����J��%��'��&#x5;	&#x1D;M�fR&#xE;v&#x13;X�	Ǎ\0u�fت��*���C=/�"Q&amp;ZR&#xE;&#x1;�U+8)�qIΗ�)g����2\0Z���,2ec+Z�&#x1A;�&#x1B;v�R�&#x16; G&#x4;�7�&amp;j4����cY�&#x2;R�Zu&#x16;�*&#x16;�YP��[�&#xE;d����3�&#x3;*v&#x17;\0�&#x15;۹�c�	�zڔ)}l��\0�eCO����&#xE;��&#x5;_N��m��C�%}�&#x1E;�&#xC;�����bh߄P���o�s�^&#x1A;X��&#x17;=��U��\n1���=���o���i&#x6;�Kt�o�9ؾ��&#x19;�P�9�wYr	����x�@,0KtN\0���m��L0&#xB;x&#x2;���&#x5;^���k_����&#x15;��9���i��?&#xE;&#x5;�&#x14;̎��ƺ������&#x8;���L�&#x8;?]W&#x1C;&#x19;��"I2Gi@x&#x1E;�z��u6}�(�ض&#x19;LW�L'B*x�&#x1B;��6 &#xE;\���-8�çi&#xB;\0ޒ�&#x6;�-��RRȶ&#x11;ϩ��Y��&lt;�&#x16;v0�d�&#x1A;�р�"���
\0�|4@�AU&#x1;���YԬ%&#xB;&#x5;�G��T#���&#xE;deujQɺ4��~%&#x16;&#xC;&#x16;&#x13;�H&#x1C;`&#x1B;�ze����Z&#x8;���&#x6;�*�q�Ŗ�R�ŭ&#x4;ΰ&#x12;�KX)�d���A\0o�rN�U.e�8_&lt;����)�D���d5��^�J&#xB;�&lt;&#x16;*ex��;^6�*&#x12;�Ĥl�VWa&#x11;�F�"U8�����O�:&#x14;��`d�y&#x1C;v��&lt;yro&#x1B;3�+�=l�t�L����l�ā�ݧ�l����ޓ9&#x6;�=���
=)��&#x3;Y`v�&amp;H(�&#x5;Z��bh�&#x7;�&#x7;�&#x7;�o�Y��j�g���췂Y�U����Cv:�=x^9V�J�f�{:�&#xE;���{&#x3;��L&#x2;6��&#x1C;��&#x2;���=K{�Y�&#x16;��اIy���Ot�&#xB;��&#xC;��&#x7;�&#x3;�پ!��e1m�80&#x1F;�a�"w�&#x18;�]!�|��E��t��b&#xC;P���C��$f��Լ&#x1E;� �K&#x1C;�a���\0F�&#x7;��&#x2;�F͉�6��&#x11;1S��&#x1B;6&#x11;��ˢ�F�f��%&#x15;`Ųb_@���/-�U*�z���D�ڀ�&#xE;6�sd��\0��&#x19;�b;׊)l�U�`��&lt;����\��&#x16;�&#x12;&#x15;�[I�%�T��&#x15;+&#x1F;��&#x7;���h�(+R&#x11;�P&#x8;�&#xB;^��&#x15;�H&#x8;��V����DU,n�8/)\��&#x15;�B�����qQ�&#x1D;)�~�&#x14;�:����k&#x17;��b&#x10;"����c%*��)��얘&#x4;q�Z[߁&#x1D;&#x1D;3�&#x1;��=m���6v\7�0��M��צ�&#x18;&#x1B;?�s������틙cmӊ�v��?�Y&#xC;&#x1C;�)�F�6%��� &#x12;�z�W &#x14;�����3t�,&amp;�-0&#xB;��q����s��۳r��&lt;�X׫�bb&#x1;YL}q?&#xE;&#x1C;9���&#x11;;{\0+���K��۶���:��bc&#x1;Y[&#x1;ҫ�&#x1E;�&gt;��_��&#x17;�����q�ݿf���;��6&#x14;�:��&#x1C;*�9w&#x17;[�&#xE;[���&#x11;����C��m|`�N����mЀ�x��&#x13;
�Uq��nB�&#x14;&#xF;q]ŀq4I�"u��6n	&#x3;7o@�B=R&#x1B;�\0�ZV�&gt;�&#x1A;�фv*�N&#x15;��&#x3;t0&#x19;�sIدxEn�
����&#x17;-_̊�+j%+&#x14;�R&#x2;[��.K�xقV�Z�R�
&#x11;j�6�PT~+Z:�
&#x1;���V&#x17;�&#x10;\0�\0[Tۊ&#x2;lA&#x1E;�o�\0uTʶ0 �����F����"HQ���H�I�+b&#x5;�s�B1�/ѾD�/&#x1C;
ڔ�&lt;&#x16;*�y��|��h&#x1F;�{&#x16;�%��dՒ��&#x15;RU�C�&lt;v&#x2;*���&#xE;�bi�y&#x6;qhU�M&#x19;��&gt;�6̾�3��.����&#x1D;��&#x5;^�&#x15;;K|�65'&#x10;��!&#x7;��&#x5;l_*)v��&#xE;up��&#x14;�`��&#x10;R��/&#xC;�@�&#x15;�U��;�&#x8;�W&#xF;&#x11;f&#x1;h&#x17;�1��$&#xF;&#x1;�&#x2;����x�&#x11;��
8�&#x2;�~�&#x4;��o2����'\0��C��^�&#x13;FpX	���0�T��l�A�E��:&#x14;��N&#xF;a`&#xF;f�&lt;�7e&#x1F;c'�T"&#xB;r� �&gt;9���s�z�&gt;i��j�تU'�&#x3;&#x1B;7�Ќ�im�/8�&#x8;���C�t�z$Bh[G)������CE$�J&#x8;F&#xB;@t-&lt;�r&#x16;as�E�-]��&#x3;q�J�&#x17; &#x16;h&#xB;s#k��&#xB;�)��/�&#x12;3.Q�\0i�&#x8;q�2����%�$7})@S�
��ׁɣ\0mT�"0'@��kU-j��DZx�H�[*&#x2;!a�d�&#x15;(&#x1B;�\0-����JFX$�#����B&#x8; F�9�&#x17;	/&#x1D;��&#x14;�&#x8;�&#x1D;���H&#x1;&#x1B;)T�p�h? ��{	\0�&#x1D;�cQa�(�b&#x14;ز��(E�X&#x15;b�*F��&#xC;a)e�5��Tw���ۧ��c�w������)�Г&#x3;�&lt;k�&#x10;��=mp�66}�\0���q���1�����ݯm�;T`��&#xE;4x�&#xE;�g&#xB;x���9�&#x17;	�J��&#x15;�U*��&#x14;�&#x19;d�&#x15;{&#xE;&gt;����\0&#x1D;
�_����
�&#x8;(.�&#x1;�&#x12;/��cG�/��yV�&#x1D;�2n�:�\�^�D���/q�� ��R6Ud��&#xE; ��"�PU��&amp;\0�*&#x1D;2�&#x2;&#xE;&#x15;V�@���o�K�ˌb��z-&#x1E;S�w0 �J�Y�3��+&#xF;&lt;`_&#x7;&#x16;&#x6;��*�&#x8;��J'E&#x13;�uo��u���rƴ&#x1E;�k}&#x10;�5�?�V��s&#x15;;��&gt;
(X`�'&#x12;sfA���$A��N�˾�ƺ�oM�&#x1C;ض^r��Z��hBH�("��&#x3;�*�\��jr��FծE�VmIcX�aM���Ye&lt;�&#x15;j�AT��b[���,
�
W�u��Je&#x5;�Qb9&#x18;*��&#x1;h�\0�&#x8;�\0I �`�¥�ّ(���\0xQ&#x18;�&#x8;�*[�k
Z~@&#x17;Q"�k�,��"K&#x16;&#x8;:&#x17;�&gt;R&lt;��ͼd�&#x5;$�P�E��Y *�&#x15;(&#x4;ȑB�x�B�9&#x6;���Y�"�/
�&#x17;�����&#x4;J&#x2;&lt;�_�ta�-&#x14;/&#x1B;�&#x16;�RHY&gt;_y%�\0��|�h&#x16;�jH,߯&#x16;ߩ&amp;���x5I�&#x2;&#x16;[&gt;�j�P��|#�SKT�.��}p�"45�&#x8;��&#x1E;-l,N�q��ƍ���cP��I��&#x13;\0��	��&#x13;Q����&#x13;p��&#x1A;B�Yg&#x1B;?��}&gt;}�}4e&#x8;)���ϦX"��;�ݷ�ºC&#x8;�.r�N-w&#x1;�c���l�R���VO�(�t#�R��j��F�&gt;&#x1;؏�%��a���4��	��G�"���V'�WtL���`P�đ`��&#x3;�9E&#x1E;?���&amp;���7�W�YJvZ&#x1A;U9	&lt;*;Tb�����r/�S-&#xF;&#x1F;`"�n&amp;/��&#xC;N�9'��҉�TR&#x2;S&#x19;��s�&#x1;�&#x12;(�󱕓�+�5�\0$���$&#x17;a�sIę�A��P�c��	%o�*�[�&#xE;�9\0du
Q&#x1B;�_$��v�ؽ{Y@&#x12;YH���"EU�y&amp;C\bn�&#xF;��2c_��躺=ޮ�M��,&#x16;;�M4f@?kٸ���PU&#x10;I&#xF;���&#x4;8&#x1;q&#xC; �����
�U�P�PY��W�����l+�&#x15;v*4�YRv��Ml��ܴ���#a^I&#x4;�&#xF;PH�\0���"ސ��#,&#x1F;��&#x11;Hd��h?_�p&#xB;/&#x1A;ny&#xB;�&lt;�rY��ܖO�$eS�}�
,�&#xB;&#x4;��&#x17;,H����H��&#x1;)�?����g�
�&#x2;Z ��&#x14;&#xE;HY�\�h~'�J&#x2;Pػj�"&#x16;�*^�|	�&#x6;�V�&#xE;��&#xC;X�z&#x1C;7�TԚ�}[a:��P��a�wdۭ&#x2;@E3i�BֶJ	kKFZ7������g�&#x1B;��o&lt;q���k�W$�|E��&#x17;�Z��&#x3;;�t*Ȧ�og��v��\0z�h&#x1C;`�=O&#x1C;;�Ə&#x1B;&#x2;�&#x7;�hT�&#x11;&#x13;�r�&#x1C;d�'���C�ٌ��\0�\0*�&#x6;�n,��&#x1E;m�7/�k���\%��&lt; �h�N�&#xF;����i{&#xE;c?%��yJ&#xF;�'�ǝ2��F&#x4;&#x1;�&#x1F;&#x1;�&#x13;*����@�}y�&#x3;�Ϛ���&#x1A;*�&#x6;f�\0�&#x11;&#x4;�&#x7;,&#x1E;�%�RL}���d&#x13;gV�&#xB;�bB&#x1;&#x1;&#x11;3_&#x1;�&#x12;w&#xC;K���&#x15;���AlUF��_���&#x1E;;��&gt;'����ܱ=&#xC;4�9�Y�{�Ŗ�r&#x15;&amp;�&#xC;h&lt;p&#x5;���,�&#xC;d��M&#x4;b/��J�����\LT��^
#h�&#x17;��.$�&#x6;��&#xE;����W&#xF;&#x8;�$��&#x1D;/�@]؟�=&amp;l�H��D��-�E�1	&#x11;�IpPX�&#x1C;^��dJU!��2&#x19;T�Ȫ�X�$&#xE;�&#x12;	&#x1E;&#x15;�&#xF;�#&gt;\��H����&#x2;W��S�|�&#x12;��E���^R�&#xB;�f�`�p@�&#x17;�H��|�&#x1;]�(��\0^���|&gt;&#x1;5H�&#xB;&#x2;^�c&#x1D;&#x1E;���c�ʽ&#x6;�&#x5;���� `&#x14;�J�~Q޳&#x18;��ؖ�K��%�"�4R&#x16;)�c&#x15;`�ʀ�
�&#x19;UK&#x14;��&#x12;&#x5;�(�R\�&#x5;-�ŧ&#x1A;�+�LQ&#x18;&#x15;\0�)`P�&#x1B;î��,Z�X[�{��E�K�b֭tq�J&#x5;W&#x1C;@�&#x6;�;c&#x17;wƛޅ��82����&#x4;��q&#x2;N ��&#x5;����q.�kn�z�������$�|&#xB;��&#xC;�hS�L2e`{�&#x1D;gSF��)�)��&#x8;CO�k��񓱗?&#x19;A&#x3;�8&#x1B;ֿ�͘��f���l�&#x8;����9��N�Ǔ�ۃ&#x1B;��&#x2;���&#x1E;{z&#x1D;o�RA�'��)j��f�&#x5;r}���~��0�K�/F~@-���T[��ap�\0���V�co+�P�gg&#x1;:&#x18;��&#xF;W՗�s~�&#x17;&#x6;���4{֬���[l��m��d�W�#&#x5;q������-~�&#x6;K�޳n��Z��6,Zh=۴��U*��ysm��en���&#x16;;&#x15;&#x1C;{�"qYm�$c&#xF;�&amp;\0̷!Rc&#x3;��5GW&#xF;����&#x6;b���&#x6;�K0})f�fpI�&#xF;څ��l�.��ӎmS��=&#xE;������G�v٪�Kl�&gt;8�(,�s\��粄�J�L!)G,�&#x1C;̡�����`����e*&#x16;u�e��^T&#xE;t	T��Ţ�X&#x11;
&#x18;PU&#xB;&#x16;�&#x7;��Za\0&#x11;&#x5;0
��F&#x2;��°g!&#x18;&#x16;�&#x7;�T����%��z�`��e�E消�y&#x1C;x&#xB;�:��z&#x1C;a�&#x1;��&#x1F;&#x17;�&#x14;M��&gt;�0�_�I^+](����9�!&#x15;�J�^e^�
&#xB;I4�Es]&#xC;&#x5;&#x1A;�X|�&#x1;4ϭV��gTY�C�n��Дs-�FXk�g[�o'*��&#x14;-h݊FY�b��[�B�&#x19;U�3�tWػ&#x1B;,&#x1E;W9�zW)l���&#x1;�6�4ԙ&#x14;Y|۸�-��j&#x15;=�V�na�&#x7;����e�#�k&#x19;a�����]l6j���m�x�_&lt;6&#x11;&#x15;{"@&#x1E;7�7`&#x1E;�Sl��ՕP2���\0=&#x1B;��&lt;�&#x17;�&#x3;m����4-���f�&#x1A;�&#x1A;w&#x1;�&#x13;�w&lt;V�	i�OP�5x@��G\0�1��#׃\}�i�\0�=&#x3;���#&#x16;[�HcB���&gt;�$8.�&#x1A;3K�V�L�,��I����f�!&#xE;��x��&#xB;�ضe+-a�F۷i��c4�;�����w��m;�&#x1C;f���&#x1D;;�&#xC;��&#x19;@��cL�8A/�&#x3;L�8K���\0�\"mV�&#x1D;$�%�&#x19;��vNM.+}Sl�\&#x16;�����`O���&#x8;�&#x19;h�]���8���U~&#xF;lm�j`��$\0���|�&amp;��i&#x18;/Ɩ
~�.&#x1F;��}n�ȟ�\0�V�e�&#x13;&#xE;Qܵ,�&#x14;e��-��
b�F�~&#x15;p�T��+&#xF;&#xB;I���^��R^*�@&#x15;K&#x15;�
%�Z�Ⅽ&#x14;7pq&#xF;&amp;n��E�(&#x17;&#x6;�ER@�GՕDP�&#x18;*�#�gQ�&#xB;"Q�&#x1;)��|���(��BHa^�H��h_&#x12;E	d!��&#x4;�s[	X�$�IR
�/S ��E�&#x17;�m&#x15;�J��2&#xB;H�ȜV5�U-&#x10;f�&#x5;sZ5���scQ�k\0�Z��u�2&#x1A;&#x2;�&amp;\0�&#x19;@n�~k@ގ&#x5;�&#x3;e���GY&#x17;&#x16;�n��K���&#x1;��&#x13;�t&#x17;&lt;�=��A����a��FW*`�	�}BK��땶U��׶�ikh ��gc�2��m&#x1F;&#x17;g�����3&#x6;ږ��l��.��8z���LiiW�1�;���r�'�VO�9����{&#x2;�&gt;�&#x4;�i&lt;&amp;@N��/�vi��~6ю��j�i�&#x13;@?�y���&#x5;&amp;���\�},@?Nai�&#x1E;{Ff�S�$&#x8;�R���&#x3;%�R�&#x5;d.�������&#x8;R���W���km��&#xE;�:Ns&#x6;�&lt;����b�\0�&lt;1�k�3^&gt;t�!d�����ǋ،�P�/S�{J�Ö&gt;&#x7;�ΡV�G�R�&#x2;��D|&#x12;�&#x5;J����&#x1C;8�"�A�z�K�r�����&#x1C;U
K&#x1;n�Q�&#x5;�j�#�y����&#xE;�)��&#x7;�&#x7;x�6�:�Y�=\0�X�\�N;�&#xF;sp�j'K?�n=;6�`�2?�3*�%�\0cT�ƍF��S�,�eU�5�{VGm�Ĕ+�$&#x1A;&#x15;:&#x6;{���XR�D1�X&#x1C;�&#x17;�+[$�J&#x15;�9��Z�0N#��s.Eb��X&#x2;�&#x2;i&#x1;&#x1;&#x16;�&#x1F;��"��~C���c&#x5;BD�.R0���)��&#x16;��ߔ&lt;V&#x1C;P�\0�%ؖ*���H\0s9&#x18;�����P&#x15;�&lt;:*���X4\0���&#x18;��P&#x1E;�N��$&#x16;����&amp;���E�X�y�p�&#x7;�&#x1B;`�7��h�#�9jy&#xB;�%fF&#xB;��m&#x8;�u��޵t&gt;�W��)&#x17;ac\0���&#x5;lv�"�u�R����-m��v&#x1A;&#x19;l�Z׶to`�&#x6;���ѝ,iR/K����L�m��d/�����d_��h���j&#x1F;�P�&#x11;��:��͚&gt;ҦO&#x1F;eC&#x6;������t��i0�����tK���&#x12;�|�&#x17;S���MnZǽ&#xB;4�`2�&#x3;�)�={&#x18;�&#x2;dliM%�p��4�wS@Q���R��&#x15;��^ߦg��S��" @�&#x1E;�&gt;�&#x15;\E&#x15;lO�bK�U&#x1C;\��s����B�4�s��Gh-&#xB;���=H����xo���oG���Y��k.&#x1F;9a&#x17;\0�9���%&lt;�g\0��&#x5;t�;&#xB;8���g���u���{���1�L�aw&#x1C;8'f�`o�e�:&gt;�'�5��X=�&#x14;���l��&#x2;�&#x7;p�V��P�UZ��o4&#x3;����h��&#x19;&#xE;����5%C�6����v�`�իL�&#xE;R&#xF;��/_�&#x1A;�/e�*��&#x6;8mbJ&#x15;�h��j	�?H&#x15;&#x18;�&#x1F;W��*¸&#x15;`�
Ea�"�P]I�(&#x18;i�
b�FEZ&#x11;��bJ&#x18;��$&#x2;f&#x11;�68�&#x3;�$2/*u8��h�I&gt;�5�&#x1E;�-���ޣ(�'Ѿ���\)�&#xE;��a&#x11;�mE&#x1;jqT蒨ͥQ�Kr�4j~Y��
&lt;�&#x12;&#xB;NU�e�Z�&#x16;[W��%&#x15;&#x11;�x�H&#x16;���VN�&#x13;�)&#x18;�kfǙ���"������Y-&amp;6���޺D&gt;�T&lt;�A&#x13;&#x1A;R*��&#x10;.�LR�G$�̭[�V5.c�\0�.:�줓�N&#x1A;�%&#xC;li	C�Z��ζoBw�7��m���6"�&amp;v���B��-*�������P�'��S����m��6\0��}��{&amp;���&#x3;�C&#xF;q6��)�m&#x11;��&#x7;v��	�;8���}&#x18;6&amp;���aǶ&#x2;��&#x19;&lt;!t�&#x14;`&#xB;�&#x12;&#x1;Y"pK�&#x16;�&#x5;h��&#x2;zp&#x12;Jp����+�&#xC;i��k�&#x1D;3���%�&#xE;���0�@�����b�4��/�Y�
�
.;�&gt;�Ν�F��!&amp;}�����&#x4;K޺�&#xE;�L�����&#x2;q����&gt;]K�/��3���(IE�'v%���D�NEw!�@*g0�C�j�^���^�r&#x1E;-�*��,�0�y�"�k��&#x1D;�D����օ8qSl�f\0�)�mLfR&#x13;\0۔&#xC;�f�r%�iْ�&#x4;��&#x11;�r=�8���Zu$�Da'Ѩ�U�&#x7;+�����&#x3;T&#x1;�L&#x14;�&#x19;X�d
��p��@% +�&#x3;`$���&#x11;,&#x11;0r�|8�����D\0�&#x8;\0�$"E"���&#x13;z
���;R64�z&#x1;$?�:Λ7���	���qx&#x18;���I$�W��ɟ;�
���`XvD�Y-2gf�@��7,&#x2;	&gt;ֹ|92Z���-K��oH�&#x1C;i-{���&#x1A;�h9re�y`:˙�&#x3;+��=��;�5��;&#x12;�&#x1A;Lhn&#x14;1����g�&#x11;�&#x2;&#x15;{a�
��&#x14;�-�ڶN�����{&#x7;���!ml����0��%�&#x16;��L��]Sz��)�lǤ޶	�y%S3&#x16;��iߌ�i���k�O&#x18;d_�&#x1E;jC&#x7;4�a&#x3;��&#xC;�}*�cb�&#x19;�����-�9i�&#x3;��5�؍s��&#x1;��nj�`@�~�4&#x12;9Ŝc���3lf�־��&#x7;��^:/v&#x16;�}ц*�TV&#x19;�%�u�P�&lt;R&#x3;�ko�&#x19;&#x12;:Γ�)9M&#x2;�1�S�N� r&#x1C;6=��(�G&#x1;�&gt;����&#x2;�&#x5;:�&#x8;�&#x2;{\0���&#xC;�:��}\0{;&#x11;�Z�%oI�#;���&#x3;d&#x1E;?&#x7;����&#x13;S&lt;����^M&#x1;������]&amp;�+&#x18;�b�PI�j�&#x13;*��&#x15;�e"$&#xB;�&#x1E;�H�&lt;a�R�9���!�ۂ���x����j"&#x6;���\0�J�&gt;�&#x7;&#xB;�¹&#x13;&#xB;���4����ٷ&lt;�&amp;��ٳ���&#x2;�b�t��&#x19;&#x11;�Ĉ�+�U�BD��&#x13;�&#x1C;*y�Y.@'ɝ"9��0�X�3EB�&#x3;���&#x5;�r���%Y&#x1;\�&#x1C;&#x1;�~�&#x1C;�-s�,\0�&amp;~��G�d庬4�˂d�d92�:&#x19;3Yƌi-C�&#xF;�d̜&#x16;I��d�0@���1`v�&#x11;�#E��JrXN�gn��kYiO��ϓ��)E3�F��&#x1D;K&#x16;�&#x1;x��&#x12;���sq6��h[���um�m&#x13;@�ҵ��������h{����C��Ρ&#x1D;l���&#x16;O�Ş�=,abOX���&#x7;�I���ĝ��b���j��^6wTo�v�\0�3�����&amp;��L�q�s&#x1F;��S��&#x5;�&#x19;&#x13;�z���ǖϟe?Ч�������iv\0;&#x3;�'\0Z��'$��կ@�&#x19;�us~�ګ�&#x2;�u:�(�D`�h�`�X0�U��{��ӜJ&amp;N|��b�I���%&#x1D;�#��&#x13;P��&#x1E;��&#x14;�O&#x2;\0���$ &#x14;�
�\0�y�&#x19;/�=v����I�p�&#x1;��C8͒���}t�L��[��ލ�1��ݹ�q��&#x1F;@�&#xE;l�J�f{d&#x1B;&#xE;�&#x4;5���9v��&#xE;W&#xE;vp��W������1�@��&lt;��i&#x16;�S;�̉����6�s{�D�m+b��Ȓ�G�B}&#x18;�A�bV�l�Z�t5��$�I���6�$�*8y*a�UġS&#x11;@�&#x7;ܒr��e\0oiظ&#x4;N��4�+J��&#x2;�/��&#xE;Ƌ&#x10;�r&gt;��y�&#x1;T$G�n|�&#x1B;:T�&#x1;��9��!�²Yz�R�!G�h&#x1F;����d�,9S\0&#xB;h��E VG�̜�,���eYr�̹rr&gt;̲�@��l��|ls��e���x�e��c,&#x14;Y�N��&#x1E;r`��Dmω͟�&#x5;+7&amp;D^��y�&#xC;��k+�O�̲B&#x5;,�"�ƋX.��x�&lt;aY�$fB���q����eK&#x1;��6�X�&#x1C;|&#x17;_&#x11;�[L��u4��ڽ��\0�R�&#xF;���q�m&#x1B;��6&#xE;lc&#x1B;	Mm&#x1D;�ٶSx�&#x7;�z&#x1F;��C$�&#x1C;&#x6;�&#x7;&#x8;S���&#x15;?u�m�	���_M�A�d&#x1B;;��a�\0t&#x17;Tn��d�͠s��gŠg��Mk�&#x16;��_�&#x1E;A��v&lt;�&#xC;.8w�F&#x7;Gi�|�^�'&#x8;]��F�J-@&#x7;�Z�&#x1D;�p�:��Y๤x�9�k�}޷ߦ&#x6;f_&#x8;"��9&#xE;C&#x1E;&#x7;��P���=!�&#x1A;����h�{L�/[��g&#x1;�&#x19;&#x1;&#x1B;��]}&#x18;�X��I^�X&#x1C;&#x15;�&#x14;�{"�&#x18;�&#x1F;��ȱ&#x4;�s|&#x14;p&#x13;7'ؾ��x��`j�����&lt;O&#xB;&#x7;�=�m/&#x1A;�AwN�R�O&#x3;�3�ص	&#x8;&#xC;-��E���\n�=-��,��ч+X��;M�=əx&#x16;
&#x1C;u&#x2;��{(��e[�Ϸ�&#x1D;�[��Z�"�&amp;���$+4����Q&#x3;f�&#x6;&#x1B;W-Y�*c&#xB;W"�Z&#x1E;F.&#x7;xKc3�"&#x1C;S&#x12;�&#x16;Bu�D��&#x5;�j���ä&#x11;t�̗3��s��F�&#xE;�e��6���ݲðY\0i&#x16;�`f&#x1;���d�L짧ŭ$&#x3;*g��Y�k����h_�)&#xF;�	�e��$Y^Knˊ�,���&#x14;�\\0-��"�,'&#x12;ƾ��G����D��y,&#x17;jN�&#xB;\0��$&#x12;�/�&#x5;&#x6;v&#xF;&#xF;��'�3��p\0���&#x1D;&#xF;�$&#x7;�vN�&#x17;�B�&#x17;�^8!�|x���/\0h&#xB;�&#x8;H�&#x12;d�a�H
�\�`�&#x12;�9�Y&#x10;r��ʢ���&#xC;&amp;Nٲֶ\&#x19;��X��U�hCH�&#x19;G1�l�Ötkl&#x1B;I��&lt;��%���&lt;y��d��6��6�im[{��&#x1D;t&#x1F;�5���!�4��&#x1D;���a'&#x1F;&#x1A;��&#xE;L&#x1E;lɳFZ�G#mۜ&#x11;�b�P[Đ��Q�G�oi��5�&#x19;F�&#x12;�4f��-��Lɤ~n�]ۖ&#x14;�D&#x17;��&#x1E;j&#x7;�n��}&#x18;�&#x18;�^�`�O�b"u�&#x19;6�2żڭ$�&#x1F;5�R�&#x11;\0���^2����&#x3;�a�ט����&#x8;=�� ;�&#xF;&#x6;Ts�L�&#xC;����s�9��y�&#xC;�S�H&#x3;�����Ie��&#x1E;C�=C.��o�T��Z&#x4;``&#x1;&#x1B;�&#x1D;&#x2;�&#x7;\0�!T��{8&#x17;�ɡ݇��N@�K&#x5;����&#x1D;�&#xE;��aF=�=O�&#x7;�	�w��;&#xC;�u�&#x18;�|&#x1C; K��$&#x1B;�&#x14;�ro���%C0����rj/�$���.&gt;�%'��xz&#x17;�wo�-&#xB;���q�&#x5;��Q�j�تF&#x16;RY���0Ja�ڂ&#x5;`&#xF;٠����bS�ܹrYΜ9-&#x7;L�={6˖p�&#x4;&#x18;9&#x1;&#x3;�"Y8���Y�Et����&#x1;t�\�&#x1;"��͛&#x15;@&#x8;x�a�0����C�Ά�)+!��x�&#x8;����m&#xE;��04��x�s�!�!%3&#xF;�&#x5;Kn��E&#x18;('^�`Q�I��d�T$'	*a8�r��e�	A�8T���U��Ov	g��G&#x8;*�$�p���H�2�&#x8;�E(��x��d�#�&#x1;�:W�,��9,*on+���	�%0O�&#x15;-��S֚Ӿh&#x8;�fR/�E����b�]�Gت&#x1;&#x1D;mS����_&#x7;���Lo�=$��&#x1A;���I I&#x1E;�Վ\0�äx&#x1E;�&lt;��N&#x1B;l�\0���FY�&#x17;�l�G�m��S�Kḅz7�i\0y:6�&#xC;d�8����&#x19;\0z��֯'+Z,�E&#x13;���7|��&#x15;v�!&#x5;w&#x1;�c�&gt;?:}Ҟ2+�&#x15;�\0_0��&#x19;��^i4,3�_&#x12;��Q-|�m�&#x10;�R&lt;�&#x18;;ʄ�+�&#x13;��[��q�0��Eh�ϐ�4;�m�]�7&#x3;��*&#x1;�$c#Æx���I&gt;�&#x3;�&#x4;v�i�ڲ���&#xE;&#xB;l�����q !�w ��;\0K�m��&#x5;�`�&#x1F;�v��&#x5;�[�X��x�ߴ�v���^[&#xB;�&#x1E;�Vptw&#x12;&#xC;��&#x1A;�&#x1E;�&#x2;�/�&#x2;&#x4;�&#x1F;�41X���&#x2;��&#x7;�2x|�6;&#x5;�w,��&#x6;�of-�_Ռ&#x15;_���n&#x5;q\0E y`�&#x1C;0�T�_$7��_ۦ�6j&#xE;n�0&#x18;%W&#x4;�Z�YnX-��ٗJ&#x19;��+�pA�c��1�&#x1B;�0/��|�ᑴ�-�S� �qI�r%(P(f&#x11;$�H�&#x11;&#x12;&#xB;&#x16;&gt;��&#x8;
&#x16;"T�&#x10;"*��&#x8;�&#x1E;�/��&#x1;-`�J0�����`&#x16;�_�9e���£ϔO�&#x19;)�s���"s`&#x1A;d���`�����Arq���/?*|!���$&#x14;X��u��Y&#x1C;M��W�#�'3&#x4;`&lt;m��tml�`�&#x15;\0{��ok��&#xF;�&amp;�s�`�V\�������K&#x8;j/1��9�-&#x11;�N�|�%}3ٶ~9�&gt;&#x1F;���hfS	g�&#x2;ȳ'w�Yĩ���&#x3;̃mڌ�4�ly#3�&#x16;N�۽n�|Jb�Q�i`y�"&#xB;\0��,!+�$&#x1F;���S��B���K�J&#x1;��&#xE;SR�eF�����YR�_1�C��B��&#x5;��i���
��&#x16;/w�y�&#x1A;K�&#x19;&#xF;+���$ &#xB;�&#x2;�g_��&#x18;ٳ��{0&#x1F;�&#xF;��&#x18;X ޻y�%nI|j����&#x18;\6r
&#xB;'�L�=&#x1B;wږ�&#x1B;�ky�?���0N��;&#x13;\0�&lt;�&#xE;ؿ�D;B}�&#x11;��&#x7;��=x�Q��&#x1;�[�-�m��/����[3��&#x1A;Pn(��&#x14;&#xE;��&#x2;1��
	J�Z�D&#x5;,V����0�D�E��b�I�q�2V�k��p&#x17;*G�u���\~�Ct^�E+����&#x1D;h�&#x8;�Q��&lt;���s�&#x1;s&gt;R&#x1D;󒣝��GIn�%��&#x1B;�Raf&#x1;F��&#x2;���&#xB;6&#x17;�S&#x3;��&#xB;f��&#x3;�&#x1E;�&#x3;K[=G�)��L&#x1D;�WڃX�N�g&#x13;������bB`V�&#x4;ɍy&#x12;���@��D�/��_���:��:�4nR�z��5�&amp;&#x4;q��i�x�NH?&amp;[N@�&#x4;\0/E�^M��a�l&#x1B;e��9�&#x1F;�����#:X2\0=&#xC;�&#x1E;��ǎ|:��6܎-�j��&#x1B;k&#x1F;&#xF;oe&#x1F;&#x1;�O&#x1;�!�m��v�p��5Qw&#x12;MT�ї��%-{�&#xF;�Z�&#x11;Aml��_��S�W��1M�lk~8�i�"&#x1F;QA�T�V�3���52&#x16;0K�v���&#x5;^�VWr�\0.��&#x3;���)��B�ӾN�&lt;&#x4;0&#xE;��j��m7��f�7�\k7��b�&#x1D;�'M�&#x1;�&#x17;�ͫ�~��|hw���z-f�$mM"�9���������Glz�*�Hq���wo�����F����{h&#x14;&#x1F;�@}dW\0�o
&#xB;�2��L�r����x�M�o�vL&#x8;}�6k�0�܄�	t���.&#x18;ؽ&#x11;y��Y&amp;NJ(*�"�Jt�(&#x17;C'Hl�2��-�jW�Δ�8W"�"&#x5;�&#x15;�&#x18;&#xC;Q�R9���Y&#x1;���&#x12;^��I�ᑍ&#x10;�b�ӱ&#x17;�����*�繒&#x2;\&#x13;I�InTR&#x1;X"P��&#x12;��Y�&#x12;�ڕ&#x1C;�"�&lt;1&#x18;�*�HE��L&#x1A;��	&#x17;C��\�W���3��I&#x1D;��s&#x12;]���ܨ�y���+`�l��&lt;,2�H&#x3;�&#x14;��&gt;̕����h�sd���&#x5;�&#x6;�]j|~&#x16;&#x8;Bhy�|ĻK`&#x6;U�l�&#x1E;&#x15;h���&#x5;��&#x7;M�&#x1A;2W�NK��2��Q��֞j���&#x14;�է�}�&#x1D;�xh7[?��m�1�&#xE;�&#x1C;?��%�drpXk;:��&#x1D;&#x1C;��&#xE;L��g�#_�#&#xB;h��Q[H���퓱����C�j"���X�s�f�&#x15;2�&#x7;�M���o�m�&lt;�&#xE;�I���O\0��,�J&amp;&#x11;š�Pu�&#xC;P&#xB;̊I��&#x5;b��}��&#x1;b�&#xC;�#&gt;-�?���Ծ(E|GQ�\0;�'Zv�!&lt;Ӓ#8�N�B�\0�ޝ����l\�yG�i�
&#xB;t�����`N¹%�z&#x6;��gi�Yl��,�Z���#�Y\0�{h?i�&#x1E;�ջ&#x1D;�%&#x2;�@��ri�J-�����m[m&#x17;\0�K��M&#x1B;pfL�V�&#x11;�iT�&#xC;�b&#x14;&#x14;(�&#x11;g&#x15;7Ni@��\0�%�hNW&#xB; צ�&#x1C;��J�V��t�tB�r1�T&#x16;aċ&#x3; R&#x10;���g1� .-	'&#x3;,/���!�K�N�Z�&#x1F;�J&#x4;�&#xF;�!}&#xE;n�&#x1C;TD�"�;&#x14;О�&#x1D;[&#x3;X�6Xd?��8{�?\0f&#xF;�`�9�\0$&#x14;�bgI&#x16;��~?&#x1B;&#xE;�&#x1C;d���M2�$'�y.&#x1;&#x1C; k_N�&#xF;&#x1;qz��r�9�OY&#x8;�&#x1E;Z t��.A�Nu&amp;ZԠ�a#u&#x19;Am�-܀�r��Ԫ�F&#x10;T�5��v3�+2�i&#x18;��K�u�������:�&#xE;b�	&#x3;[X��fvdPsK&#x1A;܄P&#x16;�S;&#x1;�8;��`;��([3��-����}1ʾų=�8�&#xC;�Q&amp;��&#x8;�GQ�U�~Y&lt;�9�&#x14;��&lt;&#x11;Yiq\�fN&#x1D;ODh�&#x1B;|�&#x1A;&#x1C;�&#x4;{(\0&#x3;��l&#x1F;��&#x1;��&#x6;�&#x14;O&#x8;�b_��O4�ʭX�ι� &#x10;�
f�����%�&#x14;�
T�e7��`뗬�K׺}&#x1;.�
��:N�F&#x18;*�f�:-0&#xB;ؿ�}�N&#x16;&#x3;�y�]�;f&#xE;V�&#x5;�}�s��]��~�&#x3;q�&amp;X��&#x1;4�_�k�\0d�b�&#x18;9q&#xB;�"۷�x&#x1E;�\0�r�"kӪ��B��Fܲ&#xC;N��0K^X@�&#x1D;�&#x2;�J�&#x18;W��G�ڱV&#x6;V.&#xE;��	�HQ�\&#x4;&#x10;&#x17;�C����L&#x15;�$��&#x2;��&#xE;&#x12;Ajg&#xE;J\0�&#x7;İH�&#x8;�&#x2;y$@&#xE;�&#x8;@-�&#x7;{�&#xB;̀&gt;�\o��~&#x1B;��:'0��&#x19;&amp;5�]�X8��W�"�W�	����g`&#x1;P����\08X&#x4;F&#x1D;�q&#x1;ݱ5��ɐ+���5�&#x3;rƼx��e�l,�&#x2;~&#x18;�h�Y&#xC;&#x4;����j&#x18;&#x18;M-xæ��-�L���m&#x1D;&#x19;��\0`פ,�&#xE;�!&#x1A;2 O��Z�ѥ&#x1D;-��SC&#x1E;��&#x11;�LN���擺�qTg��]l߈��pKK&#x1E;����ii;�7����Z��v|�X��� [	xw͛dۿ�b�f�H2�&#x13;α�\0�&#x1B;S4�?�&#x1C;Q�r[T��VB5�&#x18;Mi@1a$����v���]\0�I&#x18;�ac��&#x2;�ST��bi�G&#x7;%��A�)����&amp;-���#�٠�7�G�z�;M����#b�$b�bb�\v�\0'��&#x8;���lq�w��%����850�z����w����ߟ�{�s*6�0�u"&amp;�\0-ٿ��j�@.@&#x1F;�&#xE;�S��&#x16;�&#x1;3���v'l��B��$�t�֑&#x1C;klWbƅI&#x19;��M�&#x7;QE�:z�V�&#xF;�K��%j&#x4;�\&#x2;&#x10;;6&#x6;��\0�&#x18;�KQ��΅&#x11;1rd��8�JY&#xE;&#x16;&#x6;���&#x1B;*������K~arTq��PǗgd�&#x15;k焽C�ֿu��طmS&#x3;����L���j��&#x1E;����]'��X&#x1A;`�2N&#x1D;g&#x5;�&#x19;`�&#xF;��s!8&#x1;Z�wl���k�&#x7;�GQ6�6���Қ�i}{����zZ&#x17;�a&#x1A;��CG&#x17;&#x1A;'6�O#�Ft&#x1F;��iK�	�\�Sǖ֭&#xB;co�3��F&#x11;�&#x18;o;�{#[:��m%��&#x13;`�&#x1A;��v�im�P�w�!F=��m�8c&#x1F;v�*����&#x1C;`�6|m;�O�e�&#xC;�O�`2&#x1D;@O#�{&#x2;�%���#o:���P��ӊ&#x11;���bޣKk۶a��@��&#x1;�U�I����G���j?&#x15;���&#x16;+��H�&#x15;#+MT&#xC;}��~7R�7&#x16;�;&#x18;?�~&#x6;̿fM��`&#x14;�&#x3;*/)�0�W�&#x5;�u�W��&#x17;��K&#x1C;��7�;5[6�w�&#x5;&#x3;��k&#x1;�j�Uv���Y��}���z0{&#xF;�Tl��&#x2;�\0�sG��&#x1F;&#x5;�&#x2;s�z&gt;�ƍ���m��s�6��9���xF�-��	+�2�r&#x8;�&#x1C;&#x17;�YK��.N&#x1F;���ǅ&#x1;q&#x11;zC&#x17;w�q&#x5;�*�m\&#x14;;Y�J`3��&#x2;�9�mf�̲�s��-�uvr��&#x1F;&#xB;��P&#x15;�%��|�X\��&#x7;Ovj`vL��vk+5&lt;�BW�&gt;����&#x3;����_C�.&#xF;6�[�� �l�9��d�)��e}a&#x7;�&#x14;Xш�&#x12;WOO�g��&#x19;,�&#x12;W\0s��ى�&#x3;z�˪�VI'�r&#x11;&#x15;���֧)D�V�m$���&#xC;����F�[�e�&#x14;&#x1D;P�A7aRd��Mhi܌阀�G'�����wmI��zօ��=Z�ڄ�M�k��e�Hn�܋��.�ad{�8��+r���A�&#x13;��&#x6;��V&#x13;sN^0��n���.�d����&#x14;uL%&#xF;|&lt;��owވ̄�"�&lt;&#xB;�&#x12;����̏�~p�8۹q�ݥ��&#x1;\0�h��8�~���&#xB;&#xF;�#�[���%ںJ,To�r߆�/&#x1F;�� ���{��Ѵ:�*�Ť&#x2;�/ �~�&#x14;&#x8;&#x1F;&#x5;T逃J��CKb�U���o�ڪ�W���i=K�&#x17;&#xC;��:x{�&#xC;,�Y����&#x1E;&#x17;�����=��q�yo��f���p�I&#x2;&#xC;���1�Z`ް�vc'�ق��(k׮�n=:[iu�1#P�rI&#x15;��	C��T/-T�"0s&#x14;#W�\0rA�]&#xE;̀�&#x18;N.�&lt;��+;����Z�s&#x1D;U&#x11;5&#x1B;�u&gt;&#x12;!r�	&amp;�t~�!
 �
�:�N`���&#x10;��^+�,q��6;�g٩Hʁ��.�[1���9��@ �&#x1E;o&#x1;W�,P�
̀R\0�&#x5;�%&#x2;q6@���]i��
J�Y`�J�L&#xE;�?s++�̹&lt;ꀢ�r�&#x1A;?[��q���&#x1D;�y���&#x3;��Q&#xB;&#x6;���&#xE;�f��&#x19;*РM#&amp;K6A�[��]�Ӏ8k�H�N������uj`�;7�~�3&#x1F;H���=��B��l��y'i��q�m&#x1B;&#x15;&#x7;��ؚ�컾�l&#x1;����f��5�ؾ��l�ǃm&#xE;!��r��E֬YM�&#x11;¬&#xC;9�ʁ��ɇs�&#xE;M,Ə&#x1A;d�&#x16;|k�O&#x1D;�G���/S��&#x18;�'gO��V�F�f�@&#xE;&#x14;n�&#x12;��=�&#x8;������$��ZJj�&#x1F;S뻇�
f&#x1F;J�߸�v����R"U[�&#x13;�&#x5;l����&#x7;w�&#x15;w���k&#x1D;�7,��s��4νd&#x5;�&#x5;a+��&#x1E;N¹u`�^�p-&#x18;;y��v����&#x17;=i�n�^���y�m9�ب�&gt;\0h�&#x11;:&#x13;��&#x11;&#x1F;�C�+�ڞ��m?���Nڎ��y�mڸ�&amp;O�H7&#xF;����B�9���&amp;&#x12;���&#x15;���&#x8;�0&#xB;�н ,\&#x10;&#x10;&#x17;�&#x1E;mE���A,�*���N�X��(�&#x10;`V�8�L�0��&#x14;n&#x12;��ű4&#xC;&#x1C;`em&#x1;?�\03˾&#x6;�&#x2;2�,����E��~�V�Nɡ��w&#x11;&#x7;�&#x14;	N\0	=&#x17;\0��c&#x1F;�b�#55p&#x1C;&#x8;9�Zʝ#]ձ4`�&#xE;\0ø��\0�cm@����cd�V⁬�Q&#xF;�&#xF;3��H3e��"'����s��&#x1E;�jʐ�,���~5qH6�&#x13;j�nMm&#xC;m��&#x1;ƚ�*1╡&#x1;4N�e�NMع.}��jdMڷ���:[��]�m���st_&#x1B;F&#x17;�N}ںF���VҔ�!mk���+&#x1;�f�lD&#xF;�8�&#x1F;,��6S.�0{�-&#x7;�&#x1F;w��[����ٹu_X�♶t�0�j� ��s&amp;�Ѥ&#xC;�z�)�$��\0v~1%�\0誤�v&amp;�a�������TJ15�&#x14;�׏&amp;�r�5v���+�|n��&gt;"&#x1D;T�&#xF;��}�H�*~��i�[Qo/�[��&#xF;��&#x1F;�Z&#xF;Q��$�J�N�H�&#x1E;;Q�w&#x1D;��x�ߔ��g&#x13;a&#x1D;\0&#x1C;*��	�z��YH�:.�o]��	&#xF;�m��&#x15;�J۴&#x1C;�ܰ&#x13;�F=ޅ�&#x1A;I�&amp;&#xF;�&#xE;�����Z���:&amp;&#x13;-i�&#x16;W;�$����&#x1B;7��իmӒ%t&gt;�&#xC;�7�m"������&#x16;/�ų?f��J[�x��ع�&#x16;3��A�ƀ��&#xC;l.1GV�(�eI��&#x1A;�zj���W�i���B&#x15;+&#x11;&#xB;e[��&#x1B;�&amp;y��c&#x13;K}��H}F���,�u�633�&#x1;l8� ���K��&lt;��R,�����0y�偖g&#x1A;�~&#x18;�bI&#xE;�jI6&#x1;&#x19;'Q |�vɫ�%)�}/�紸�&amp;Ξ�&#x1A;�\\0ȋ2�&#x2;�,�@�Z.�8�w����er����&#x1A;lwLM��)q&amp;&#x7;��&#x1E;�&#x2;�X��L&#x1F;�b����[���&#x1C;#�ϒ�&#xC;:BR���Q��� ��#&#x7;�U&gt;�ײ,����iպ���ٞ�Pok
&#x13;�`*f4C�*1�6�M���b#&#x18;�Y&#x3;k&#x2;;����:�ho��0�z�`&#x1B;3u�u���Zvhjql��Z&#x1D;��Ձ�^m&#x19;&#x7;�&#x1B;G�&#x17;���&#x1A;�0&#x5;c����z���6�e�z�� �Pf�3+&gt;��&#xB;?�u3i&#x4;8n�}=y����r���V&#x1A;m/?9�����&#xF;���&#x12;���3&#x14;a��v��N�u:�i({��U��S\0��a��~���&#x12;��&#x1E;���י�A&#x6;��&#xB;�������:SEoS�|�E�EJ����Q�&#x1;�D@�&#x8;��&#x8;�C�ڇ����Q&amp;&#x1B;[���&#x5;Km�ʕ&#x14;_lt�JN�(`ך5�cժ\0�n�&#x11;�7ZI&#x1F;&#x2;���&#xC;rh�N���&#x4;&#x10;m&#x5;d��^T��b��m��Ŷ�&#x1E;ek7���}�®�,&#xF;qN�C�Q}/�&#x7;n��{&#x19;��p3n&#x2;z0�x&gt;
0&#x17;&#x7;�&#x11;�a�R0u�ʩz�e������H��
�W�e�&#xE;&#x11;g&#xB;��&#xE;vdI�&#xE;&#xE;9	��P����]�Uj�ʘ	^}}�6/�������(��&#x11;"&#xE;�!�S�%�M"�f'[N\0έ&#xC;8ă9���`0K+&#x12;�=��fK�N�Y`�V&#x6;�9&#x1C;�Y&#x8;&#x4;f&#x16;\u&#x17;-�T���ojOӈ�Cz�&#x10;��&#x8;;9&#x16;\0Vo��HF�V�s]G}�q��kR&#x1F;�63�p�u�}Ms�q�Fۄ&#x19;c�7���vme]�t�N&#x2;3�9{���&#x17;gZ&#x7;^�+&#x5;&#x1D;c�ձEd|����&#x16;�jk�G��U�;�8ko_�5�-$��X8ǎ/��&#xE;/�ʖ�&#x18;e��*&#x1A;C&#x7;�|y2�.�ŝ&#x5;+��(���&#x14;q�|Q��|�o��L&#x7;P�&#x1D;�a�&#x1C;�&#x3;�`�3�K�]dF8`�M������W4
|rA^o�Ѩ��q�]`��&#x1;�h����+��n\�4�{pZ�*��&#x10;�zB@[Py�&#x10;]�n���LR�ec&#x7;&lt;ҁГ����Nb���~�Bۼ4\0�&#x5;�~j+����V&#xB;�jK$�j���l.�&#xB;�'�&#x6;4`NX��� [y��7��_}�&amp;&#x14;�#?X1��8��1}��=&#x15;8�;e�^�&#x19;5J�&#x1F;�&#x10;l&#x19;�*�����0sd9BM)a��mj`&#x16;c+)$'`��"yiX��&#x19;�Soi&#x1;�D�&lt;rf)C&#xB;�Y[IN�_�}S�`y�&#x5;b&#x1D;&#xB;�&#x12;eLe��?&#xB;�\�t�
����ַ��U��YE&#x14;�"��¾|&amp;���T�&#x1;��&#x14;TpL&#x1B;���z�؃ڳs��f-h�I[�HE[&#x1D;b��{�Rw� �&#xB;�6hJ̙!{
K�f�W��A3%&#x4;[�Y��̩f`^ώ6x&#x14;-v'��Q&#x13;G��qC&#x1;w�������mnO~~;&#x6;ܷf�}�n�lԠ�6F�%[U��]����m���6wL&#x1B;[&lt;�\�&#x19;���z�bj�WPr��^bW7η�\0{���6��w�&#x2;��&#x18;C#&#x8;�&#xB;u�&#x15;��T8�Q�\�"��&#x7;V�&amp;��O�w&#x1D;�"�v�t2�b��y�.\0�['&#xE;�&#xB;��L�|J&lt;�&#xE;�p�r?d6�]Z\0��{�����&#x13;�_��ɍ�G&#x2;`&#xE;&#x16;&#x1;;�\&lt;�ك�ǐ��̇�dk;�&#x17;�g&#x1;Ri�b�m+V��9s���?����&#x1D;������=3�z&#x1;٥h&#x2;l&#x1D;K�އ��k�&#x1A;۾~��\���tl�&#x4;&#x8;X&#x16;5��+��]�#L�r6kٱ��&#x1C;�+�M�2�:�&#x8;&#x5;Qǣʗ%&#x13;�&lt;`C�~G0�$�\�Y&#x19;^J��C����*Mf�&#x1A;�+�ë�9&#x15;'V&#xE;5��VE&#x7;&#x2;��&#x1B;��&#x2;�&#x7;�����[
	���E�&#x6;��v-*r�
?�D���&#x12;�j�W�-7���K����`P�R!	 ��,�z �^΀'[L�:�����&#x18;�$�L�y=f8�&#x1F;&#x18;��(�����&#x18;�&#x17;`�E&#x1C;�&#xE;��j1�K�ܤm&#xB;kө&#x1D;���z&#xF;�m�'��	��&#x3;�6b�p�;�����&#xE;U[�nc-��ݶ{s�ѷ�����F��o&#x2;��#�յi�h5��}&#x3;+/���vL�B��n��&#x2;��#��&#x12;*���&#x19;j&#x17;Vn��m_��n�&#x7;*��R�{ &#x1F;�mQ&#x16;o�#/���&lt;�s0ľ�U�?2|`&#xF;|Fk�A&#x1F;��&#x10;��&#x1;���7���%{&#x19;��G�����u�B���~�څ�j���&#xF;�A�;X7�}]�&#x11;�ٶf�I���a;��t�,@�){�&#x19;�&gt;��{�=+{f&#x16;�]���&#xF;��R�&#x5;L&#x1;U[�V�&#x16;[����&#x2;�Ti��k�&#x8;�&#x12;&#xF;n�k�ش�&gt;�d�U��B�^g�dP�֌$(�����&#xE;ae�&#x3;�&#x3;�S&#x1D;�}ԋ�&#x13;�&#x1B;T��&#x1;1%xy&#x1;sj,��9�ՅZ��&#x2;
&#xF;f&#x15;Sx&#x11;�sQ:��&#x18;�2�&lt;x&#x5;`&#x1F;&#x17;�&#x1D;, ;��E(YB���'��s���.f�\�%W([�&#x1D;��K�\0�( �mVj��E&#x4;\/b�L9H&#x1A;a+`{@&#x7;�n��,�Z,��Z6�{&#x19;�CKz?�b&#x3;�l&#x14;V�&#x6;f�s�"~[�̪�ė�&#xC;&#x5;���[;&amp;g�kL�&#x17;a�����%�\��T�&#x6;ح�{��2?]@�R�Z�&gt;�&#x1A;&#x2;_�� ?&#x18;^��z�&#xE;�&#x1D;{�&#x5;��ƆU&#x7;�&#x4;2zdW&#x1B;A���&gt;Ml��V6}hK�د��&#x1D;�ڶOjo�H,ك&#x1D;�0�\o��l&#x18;���i x�1v&#x1;o���FZO&gt;�z���?���Ƙ �a�V+�Q?8/+�o:����ZؖU����\0�ނe�	?[e�&#x1D;ٶ��Θh�H��&#x6;і���&#x3;����α��VA^��W/�4K�]�x˅NV|��6.��&#x6;��z��;��E\0't$����&#x14;Ǘ�&#x12;9��P�&#x13;&#x1;��`�����A�����&#x1;x_�Q��az&#x1B;Y�=,�{&#xB;��&#x5;p1����̲�I�T8j���֬U&#x13;je�8[Y7�2�����&#x10;����uk���&#x19;f�gq�&#x19;:F8b���&#x10;{,�|����&#x16;�P�uV���&lt;��h?X&#x1C;x)̈����(I$�y���Q�&#x14;&#x1D;8�L�MLۥ1"a�p&#x18;&#x1E;Oe79�A�&#xC;�:�ޘp�϶
N�|#��7��&#x3;W�( I�&#x1F;*��?���=ۆn&#x5;P�W`�x&#x16;�~F:�d�tQ�&#x8;�bi��1�Y���.&#x16;&#x16;��j�V���mV��r��,�&#x1D;XLd3�&#x2;��=�&#x4;�&#x18;Fݶjה��A���s�&#x1C;K����u�k]��sc�Da*��Nj(L/���fe��63UX:�cId�&#x2;&#xC;�k���&#xC;�&#x19;�zC&#x6;�wm`CFtb�s':�4�уZ�x��Mb;lG�E����&#x1D;l��t/�J9e&#x1C;&#x1D;L�l&#xB;�v�@���ñ����O�&#x4;(�lQ�\��,�Y�*�Hnf��h%�X&#xC;�X	��Չ�����&#x16;���:&#x1C;O)%�!`��Ǩ�O�mۖε]�&#x16;ZK�&#x2;���ٲ��ؑC�,)~��G��Z&#xF;f&#x17;[&#x1A;��b��K7ز�˙,�����&#x16;��V�'��l�m]�&#x5;\0˖&amp;���i�;�&#x7;o'�C�&#x16;�&#x5;b&#x1;�'�H�V&#x18;Kqc��&#xE;&#x6;tj`&#x16;P�2�i��&#x5;�=��9Po]��5�&#x15;O���+��n�c��J(�4�XJ�&#x17;H�&#x1;��$�+�H,V����E�b+&#xF;&#x19;���S&#x5;3�V0&#x2;s�.�\�m$�Q&#x5;�&#x16;�i�&gt;�2&#x18;�&#x1E;��\0&lt;��r&gt;� 77�&#x1C;E�&#x1C;{ �s&#xE;̬��&#x14;$&#x1E;Ğ}���}]�6%'Y[1�DYS���7X�ۧ&#x2;�XP&#x12;&#xC;Z��*�)�T�g��\0d�l�n;Ia`m=+k&#x1;�l����0
�ZH�Vk�Pԯ�Lה�&#x2;�&#x16;&#xC;�&#x16;� �&#x7;mFS&amp;��V\0h�x��q�7��.��&#x5;�Fm�+S�\��&#x4;���O�&#x1;I(&#x1F;fe�\0�Z`�£�&#x16;&#x1A;��b��&#x1C;uMH�m���$�խ	�S��vB&#x3; �&lt;p`+&#x1B;	C��&amp;z���6��0�ٻ&amp;w&#x2;�]m? &gt;Hy�!��&#x1D;D�����u�c_����#;��K[&lt;}�u�_���z�ʖ&amp;�&#x18;�����Y&#xE;���)
B3ò�u}�k��&#x14;;s��b��{B�&#x1E;+\&#x17;е�&gt;�:���@&#x5;F�D3/�&#x1C;&#x1E;�&#x2;&#x14;�D&#x13;�j¤�4&#x2;�W�&#x5;l9�6���@�v�:����.��&#xB;W&#x1;���&#x3;��\0���&#x3;Y &#x16;��h?HB&#x19;�m�,�ګ�&#x2;�W����f�ʽ�&#xE;!�Z���&#x1;�A�j��m�e�:�&#xC;m&#x3;� `�����r�gOg�g��
�W�	6�F�V�^���&#x18;lCI�&#x1B;&lt;���&gt;�&#x1A;Pi�&#x7;&#x1B;[1�(����`΅&#x1D;&#x14;,���&#x1;���C8&#x2;�&#x18;�5�&#x1;�B:�����fy�Uq��&#x3;&#x15;&#x13;��dWZ�Bg�&#xB;�b�\0Z�-bO�8�#�R"�$5&#x15;�&#x3;Y�&#x11;�ń��z��C�8�X�&#x15;;���g���&#x3;2-�&#x4;&#xC;&#x1;׫�&#x2;�\0&#x1C;l3&#xB;0&#x19;�g���_�Z��&#xF;���^�=0g�&gt;\�W8��FĖ�f�t�~�z��~&#x4;5�#mƌ1V&#x1F;&#x7;XY��4l��:&#xF;��~O&#x15;nd��K��&#x19;_��^��g��W�M��7i����u����Н�&#x1F;�X��&#x1A;Z&#x17;d@��6�\�1&#x3;��D&#x1A;&#x1D;�c���l�&#x14;�k�,F&gt;��&#x3;�?&#x1A;h�q����&#x1E;���S���&#x5;�����&#x14;j��^m�S�C&#xF;�&#x2;Y�&#x18;�G+�H&#x15;��G��_���8B�1&#x1D;e&#x16;cf��&#x18;K޽�&lt;�����6qPWk�o�4}�Ӿ�O֨Ne�Ř�i#&#x7;خ�&#xB;&#x19;&#x1A;�&#x18;`f��R�7��&#x11;&#x15;b?�q9��&#x11;V&#x12;�����������E\���[&#xC;-vޏc�IJf�ϱ�᪷1s����&#x5;n�rK�ֱ&lt;�&#x2;��Y`&#x16;��&#x11;W^�r&#x19;�xG��M�f\0���c��&#x2;�R&#x5;���եwG�b�a�N�mƗ�m4�lcԝ�yC1Mc&#x8;&#x7;ў&#x16;[[qe���J-&amp;&#x16;�&#x15;~
&#x16;�Î�aey�%j����
�(&gt;��J�&#x8;&#x14;*�&#x16;+��A�N�L)�&amp;{o��Ǟm=�ł&#x12;&#xF;��m��&#xC;`�R�&#x1C;�X�]@V7&#x15;ĳ�W�Scf��&#x2;��\N�g�̊3�&#x6;�lęs���S��8��&#xB;&#x1E;��&#x19;R?xD&#x1B;&gt;��}��l[��[r��1� �5\0�U&#x1B;�:�H:U_&#x1;�&#xC;٤j&#x7;�9����!&#x1B;�&#x1B;��&#x1E;�&#x7;�;�onqd��"��;�n��j&#x6;�[Y&#x1A;&#x1B;&#xC;&#x7;ȣ��W&#x1B;�G?���a�4ۇ�&#x13;�&#x3;�C&#x1F;��g�\0K&#x1F;&#x1;Їg�qy�۱�&#xF;~5��o���&#x18;�hx��:�r(o�&#xF;�&#x16;=�&#xB;�K�&#x1C;s��&#x5;f��D0P �f�}{���&#xB;&gt;�mk��{�v{q�-�n�}��٪D]�}&gt;��}&lt;�9�&#x1E;��}�T�4��n�ae&#xB;w\0�-0�&#x1C;ab^Te�e���\0:a�Tm�m���[m�u�j�
[2o&#x11;�
���e�y&gt;�^׹��&#x10;��&#x12;)��6���`IM�&#xE;fa&#x1F;zҹC�z��&#x1E;�&#x7;&#x1;t&#x2;�f&#x3;���Jڊ&#x19;������J���Ί�є&#x1;;��9��{ȇ�^ᨸuH&amp;�ؽ�����u�x}&#x14;�;��b0�������L�2�ܒ&#x7;L�]�sn�K�&#x1;�$&#x17;a&#x6;�X��aA��!y&#x1;mn�&#xC;��&gt;ԍ��&lt;Q�sJ��&#x5;���N�(�q�B@��MQ���,UZ�&#x7;ʚR&#x17;K�"+�&#x16;��k0�c,̋W�S�s���Go��&#x14;��{/�Ձ�c')l��L&#x12;�&#x13;uѤ1�Z 9�&#x6;�&#x7;�c䔶H�S&#x1C;^&#x1E;(��&#xE;��s�ͥ�Dv�&#x1C;^������ҩ�g6J&#x1F;�Pd�6+jv\0̪�FŦX!��b�&#xC;W'Y�Y��6r�&#x10;&#x1B;0���]��|�).�\��"�I��_�&#x3;J)3�X�f&#x16;3���hFZ6e�3k��VNY�^��6�ϛ�E�Q��ַwg�&#x13;���ѥd &#x1D;I��jaݺ7�~}[�&#xF;���!cl&#x12;��sI��LXj+*�.���"��u&#x1F;&#x2;̒d�@'O�iGg��\0����-���`;��#���&#x5;�c��&#x6;��&#x18;�S0_f7X!7&#xE;ϢT��D����b%#� ��N�&#xF;����M���&#x15;v&#x2;{99a��&#x1B;ڋ����|�&#x1B;�&amp;����Ξivo�&#x6;�7��U��v&#x17;�&#xB;;�&#x1;�&amp;�Y�{�H�ż���[�M�j2�
٥}U&amp;Q�b�b[�j�}�-����\0���f�w&#xC;#��L�����j&#xE;��&#x18;1�&#x10;jQ��&#x4;7&#x12;&#x8;v�i_���|d'3���-�&#x5;P�&#x1C;���;��I���|�m�I^E&#x18;j�����_Y��&#x15;]�&#x1A;�$f&#xE;'A$뇖6,�&#x15;�|�8�#��A���n.���&#x1C;��F3�`$M���&#x1C;cC�\&#xC;[$�&#x1F;S���ˁ��&#x12; �WZ9�9&#x1;��L�&#x18;�V&#x18;����&#x14;�&#x1C;x��&#x12;&#xB;+�1��i�U7��&#x1C;e��&#x15;&#x1E;��V��4
�n�Fjc�&lt;Ē]�6p�%a�m�X&#x19;V�F&#x12;`J1�&#x1C;&lt;&#x1;F��YH�&#xC;&#x8;5�n&#xB;x���5�&#x1A;*U�����s�&#xF;vvy�4�~��$i�&#x1F;k���&#x1F;��S�������&#xF;�hiӿ���f!�S-z�O-&#x7;�ʡИ4&#x18;�&#x3;T9V���uH�T�֤I#m�О��.����i�&#x17;[��r�;�Ϛ��fE&#xB;\0�ii&#x11;�&#xE;f���)D�5��cYp�����ۨ��%�(�k&#xB;�K&#xF;�&gt;�=&#xF;&#x1E;&#x1E;gq�v&#xE;&#x1C;����5�Q;�X&#x12;J&#x16;R��0��%\0�&#x4;&#x18;9����=m?�d�&#x7;\0����&#x14;;�*�&lt;��m&#x1C;B���-��WC�욏-a�L�����&#x19;�&#x13;MxJ����&#x16;�?P�n5&#x11;t--�&#x3;�&#x1C;�7c���ڼ�2�v���-k&#x17;�W3'���v�q�&#xF;�&#xB;{�&#x13;�&gt;mi�00n&#x17;&#x3;ⶑ=���q&#x12;&#x1D;�S&#x1B;�S ��a71ܝ&#xC;��&#x13;j&#x17;�"�݀)�����V�
&#x18;q��U�t�&#x2;[��&#x1B;[��gȧ&#xE;ԫ&#x17;}g;֓ıv�{^&#x12;i����)�&amp;{�����e+���&#x7;�!]&#xF;��I�&#x14;K��1a�f۵e�͚6�,�&#x1;V�!��x����s�&#x15;p|�|ZVjŖ��U����Z6�6�ᘨ�4S&#xC;����GٸY�/���I��Bݑh���t塡��,&#x6;���&#x1C;�&#x5;f�&#x1C;F��/N�{����
&#x1B;B&#xB;&#xE;&#x4;f�R{0k�&#xB;v�Ł�W;%&#x11;#5O��2�څ�`��&#x19;\0�/&#x12;z�/�~&#x13;̡�&#xB;�\&#x7;;���J�gΤV@�.���_�O��d�\0�9�,&#x1D;�x�\0sV��&#x1D;��P�R9���ˡ�O3�&#x19;�W����&#x1B;U��x|g�&#x18;g��&#xE;�����@f1׫&#x1F;��pe�N��lD-��}a^5O�7�&#x1;�"� Q�b&#x1D;k����u������&#x15;0��}{R&#x1F;=���J�y�֟��&lt;�'`���¾{'v#,��&#x12;��%�R@��&#x1A;���ج&gt;v&#x10;��д8�����o`{&gt;&#x1A;`���&gt;�~�-�=κ&#x12;N���#��&#x16;'�Q&#x10;'i&#x14;�[Q@]��iy&#x1E;�Ю�-[0�&#x12;��q&#x1E;��&#x1B;��i&#x18;�&#xF;�yv�&amp;�F��-�0�l^��&#x1;Y\0�M&#x11;�D�vP&#x1B;��ar&#x12;�9&#x1E;0��p&#xF;"P�N��fY\�&#xE;֧G7�އ���m&#x1C;6�TB&#x7;�V.��&#x7;�y��&lt;&#x1D;*�&#x1A;&#x1C;k+p�-'?��&#x18;�_����!&#x10;;&#x16;�u��د&#x1;M��~�j'���&amp;1N�(&#xE;&amp;M}�
_&#x4;�,M�/�S�
_�.,�+ϋe��\0�&#x19;u� 1�!&#x13;�ڈ)#p��&#x1;��3��y4d�T~7�&lt;?&#x19;[&#x1E;��1c���&#x5;f_�&#x10;l&#x17;�w��ۓ&gt;��[`�M&#x1C;*�1���~��)�a�G&#x2;�2����y���&#x14;V�L�|&#x16;&lt;�9`�&#x1C;jA�&amp;&#x12;�&#x2;�u�&#x1A;&#x1C;�&#x16;U"��U�Oo/&#x1C;\����O&#x1D;aK�}f�&#xB;�d*gz&#x16;�&#xC;4��LO�L�s��\0&#x1A;s ��P��9K�&#x1A;���?�&#xF;��ܯw�F&#xC;�w_�&#x10;�ig}�?�
#&#xF;&#x1D;��&#x6;`C��X`^\0��\0�=�:�&#x1F;�lR�&#xE;&#x5;s�&lt;��&#x15;�3��%rM��&#x1E;ĥ;�ʁ�� �i��3��ƅ����6���ь੄s� �zJ�-�&#x1B;&#x13;�&#x14;&#x1E;���%��Ո��&#x19;t ���l;qh7s��K'�c;6�9㫿��)�+(\X	�\0�D̬s&#x2;�d=&#x13;"w�߈�&#xB;�޼	�9\0�&#x1B;�ۧ�gX\���&#x10;nf]������v��w�h_Ξ�T��G&#x1F;�M�%a#&#x17;&#x7;fa�Eф����*�ؽv�shy&#xF;v��|x&#x7;&#x1E;nu&#xF;�Z����!��ղ̬�y�&#x13;saK��1�b���bF��b�?r&#x3;i?
��
s��h�&#x1C;Nof~�&#x1;�&#x4;&#xE;�0&#xC;f&#x16;�'\0�&#x16;ABG$&#x19;G��Ȋ&#x14;˧t�&#x14;��Y�?����&gt;��}W�&#xB;(�;�هh��ơl�&#x13;A�&#x1;��R�&gt;�̬�-A�]E&#x18;b�&lt;8��&#x1B;P4A��&#x1F;���eT�&#x8;F&#x16;3&#xB;�9\0]&#x18;N+��Rɥ��'�\�L��cꓮ9n�&#x10;���;&#x1B;�h�G���8k֪l��?&#x3;f^�&#x1D;�Y�,@��RۺkS���z�M}��ف�{3&#x1B;N&#x13;�A�ZڄA�&#x1C;���ol&#xF;�	��,@�&#x1A;�=�&#x6;&#x15;�i��5Ȏ�&#x1C;�:&#xE;�㩍^5�4ЏG�yF��[�e�e�r����A�⚛�&#x14;Nug�̵&#x8;E89&#xB;2�vHS(�عu�%�\���ʶ,�k�fM����[���γE�̵%�}o�&#x18;�n�
ۊJ-�\0�~��׶��&#xF;&#x1B;���M�x&#xC;uY@���ݗ��ן}l&#x3;����jې~}&#x8;�&#xF;`l�&#x18;�9~�-��[��Kq�m&amp;&#x6;���Ͳw�&#x1;�d�_��&#x2;�@,@�0�r�� &#x12;�܊?�P&lt;���&#x3;U�3֟�K��5&#x18;�J%��J�&#x16;���be�㕠��\0��*tPc�b���I)\WkF'
��1&#xC;PW79ϴ(D&#x10;&#x16;��\0s������.0K&#x1D;&#x16;�=�&#x3;N�7Ul&#x1D;��S�P0&#x7;;�d3�s��!����K��&#x6;&#xB;g�I% {0�&#x10;S��	��$�&#x14;"�4`����MǦ6�#�0(a�1s������:����&#xF;���K�9�&#x15;6�*�V&#xE;&#x1C;`�&#x10;o/��f;g&#x1B;*��,`ץ������&#x1F;�����(����&#x1C;ף������ޭ�\0s&lt;�&#x4;`&#x1;Z��&#x1A;3'�&#x14;K$�0���Ʉ&gt;�ѕ$�Ѳ&#x7;��&#x10;&#xE;�=L��:��%&#x12;&#x1A;=�d�&#x1D;^9�&gt;&#x1E;������t&#x14;����&#x8;W��&#x11;V�O���+Θ���l�8���S&#x5;�W$�U&#xE;-f�w0�Xy���&#xE;��~�}5�&#x13;&#x13;���R��қ)^��&#x11;��_〴&#x1E;g���P��n�^��X\K�F5���\0�X8�5��E&#x4;h�&#x17;�&#xF;�
8�&#x4;�`;��j��}Z�FJ&#x1E;ג�)��@�n[��&#x17;AŖZ&#x16;��uJ&#xF;#qz���&#x2;�&#x18;�O�p�`/&#xB;�U��(����'�C��\�n$�&#x11;ʥ�3�C�&#x1D;I
yqh�X�Ñ��ko;��8�|[&#x1D;���&#xC;���&#x1C;�����&#x15;�&#x14; ��e�v��k=�~�@
�B{�v����65@�vN`V��@�A&#x1B;([&#xC;d{�,.&#x1;ӿ��g]���-N�&#x5;P�&lt;�'d�c�]��
���K�vί��ƙ�f#�n�������̑�L�&#x8;�&#x1D;�3�&#x3;��b�Y�.���'p#w��4&#x2;�HX�-�̵�T��?��}�6-����+�*�&#x2;fyϥf��&#x5;j5&lt;&#x18;&#x6;�&#x18;@
���d���#{X�&gt;�s���q��&amp;g{�N6�f&#x5;{a�`�Y*����/�N��_&#x2;S6&#x12;hɛD����� ��c0�!&#x16;����\0ww�I��U��=�b��\E&lt;��!6�y�E��	��I_�,h'J&#x13;&amp;o�&#x8;��̫��-m�[�A+)o�?�'˙�϶g�
K3{�Tz&#x1;O��f̶�g�q"@1�#����&#x1C;�W/^bk�/s �%&#xF;2@&#x16;��qD�ܰ��.Yds&amp;��l&#x1D;&#xB;�&#x1A;X�� j�&#x1B;��&lt;&#x1;GZ&#x2;&#xE;,��R�&#x5;�D@���&gt;&gt;�:x&#x1B;�����y�z\0�e�*�&#x19;&amp;��꣜&#x13;��\0ዢ&#x14;G���&lt;�Jٔ�A�XY �&#x17;�P٢�nvUSY�sӨ},���&#x13;�X���&#x7;��&#x15;n
ʭ~#�:�&#x11;�&#x1F;&#x5;�&#x1C;^�{�S(C�l&#xF;&#x1C;���W�9����&#x1E;��XB���g&#x8;g����Uo��
���c&#x2;�&#x16;	�&gt;&#x1B;&#x1E;c�Y�X�&#x7;&#x19;޷&#xC;&#x2;�TmD&#xE;�0�g&#x1A;0�����"��&#x12;�/C�&amp;:��ի[�
��6{�hT�V֏�&#x14;�;�Aͮg�I��0�-m�t&#x17;���&#x1E;�ѴV&#x16;3&#xF;&#x18;Ѕ&#x18;v\0��&#x19;(�&#x4;��#� *�_��]`��ǒ`�}�&gt;&#xF;M%,E����8;A2�1l��Tb&#x1D;G��7��D�{+��O&#x7;ٵ-_��/Fظn��FY����7�4�★&#x5;JG`J�Y�R�ȮY�"�&#x1A;֒&#x1A;��8n/Q��f��q�-���1��gٔ��lx��6�� �?c�$�d�,��ӏl�y�a�i�&#x19;�vº�r-	&#x1B;���
�U۟-���O��R*�:��ް���;Q�wm�+&#xE;�'����&#x2;�xJ�]�&#x15;P�^�UE)�3��QT���8�vlau�z��Q:P&#x14;�I%��&#x5;f9��^�9�&#x7;&#xE;���&#x8;V��΋�uMZ�-&#x1A;&#xF;�X�/�S��&#x12;=|��@��~&#x5;܀G�MywfV&#x1B;��P�o1�&#x7;����"���%��I}Vֻ��wjy�W��&#x1;+&#x10;&#xB;��8�V�k&#xC;�y��Y�ѹ�3�s�����`9�S�?��f1͈z-f~m3�&#x1;�"�&#xB;�n&#x4;c_�\0�
�������4&#x1E;&#x18;=�'�� @\�&#xC;��ֺ-�&#x1;s�z�\0�=�l|$'3&#xB;̒�4n|�&#x11;L�&#x4;�#��a��`��62&#x12;��k03���U&lt;��^7}��&#x1D;"g�&#x18;&#x19;c�&amp;t�#�w&#x1F;�&#x18;gǘ0y�V�Gg&#xE;D%'�Fnw��~vv�4;��s�bdgk]�6U���e� e��sJ�B�L��&#x16;*�c�Mm���r��&#x1;K���&#x1C;�����j�}���~k_�/��;&lt;iSm��Q6f�p�=���Sƌ�9t&#xF;Y�f&#x3;&#xB;�l�D,���d��Md�z�f&#x13;���w�L۾V^�8�\04��]��Lo&#x1B;&#xB;�.���x@ O&#x10;�Q�e��񵇘u&#x1B;��r��&#x17;D&#x1D;V1�ceU&#x13;�p![Y�,��X�&#x7;�\0&#x1D;`g&#x18;&#x2;OgV�&#x19;|Ɩ��ag&gt;c˝W�&#x16;�P�G��b&#x3;&#xF;h���&#x5;&#x11;�j�Wo=��g8&#x18;��\0����&gt;��U�`�&#x6;s&gt;��x�&#x16;&#x14;=�=߾)�����i3�|��Z&#x8;r&#x10;&#x17;W��2�\� �ی\0Z̜�9&#x7;��G#jU4R�A{&#x14;#&#x14;�	T&#x19;0�E�n��k�ԡ�0��&#x16;���ٮ�5o&#x19;c���%��&#x1A;�/�(q��+���&#x8;�bg�W���&#x3;3&#x2;���y&#xC;�� �Scy��x���oo�&#x7;�f�3�{Z"#b���T2&#x5;&#x15;�\��&#x13;&#x5;��v\00'�!F=��	&#x12;�p@�H?1��;a������&gt;�y4@�ծ�&#x15;�&#x1;&#x16;%���6Y�i�HT�&#x2;��o����$t ��x�����K1fy��ڊ&#x5;&#xB;&#x1D;��&#x2;��lׯXe�P�׭[e�&#x16;γ%��gsfZ�&#x16;�m�g�ڼO&gt;!�&#x1B;ۼx)�,X��_�� ��U=%��L�&#x1D;���Ω�ٗ4��.@�X&#x1A;Q&#x1;�&#x1;&#x12;S���+I$&#x1E;�xl�h���"\0� &#x1E;g7Q�r@��&#x1F;PL!﵀����Dd��&#x19;p�tʄ��J��n&#xC;��Y��i$�Q��
��Eȱ.�k2�&lt;;�4&#x2;q�_D��G��&#x16;=���&#x1;&#x1D;�f&#xB;8&#x2;�k�&#x3;���&#x1D;����_'��&#x14;M&#x4;�3�~&#x1;&amp;&#xE;&#x1C;;u�UJ�hϱu���(%�d#�C)���ɀ��W&#x5;�&amp;a2�:��&#x1F;2�d���\g@��,��ٚ핇�6w!��&#x17;���T�U�\�&#x1A;׬h}���c&#xE;�&#x8;@հqE���ZӦU`�:V&#x1F;0��ΐ�v�0s�w��=��&#x8;�~E��&#x4;�&#x19;033j��^xΉt0�f���6&#x6;P+����y&#x1F;�&#x13;�&#x2;K��&#x14;����Vvj&amp;,=��&#x19;&#x13;&#x2;��$����&#x10;� C�&#xF;�4S���!-l���&#x16;O��c�&gt;�5_��!qM-&amp;�8�xhN��)�&#xB;��U$�b��`�tR�&#x10;�Y��l[��,[M0z��o&#x1;�bۺn���a�:&#x1C;_�&#x17;���K��&#x6;��7Qа&#x19;ٮ
&amp;&#x1E;[�5���%���9�����y�����n�lg�R4��C��n�w�z%���&#x1B;��z�&#x6;�fXW^n�5���8�&#x4;b&#x1D;'�0s"&#x1D;7&#x15;�ڌ�m�&#x14;K&#x14;��e���&#x7;G�V�0Z�j�`Z��N`FՎ���#a�&#xF;&#x8;��v8&#x1A;���IS&#x18;��1���f6���&#x16;�����!'&#x16;�/���&#x6;ֱ�u%�;E�v��l�7r���&#x15;���y��]+��&amp;=��R�ْ�V*���&#x1C;8���c�
(T��ִ0�2�&#x2;�3�]�KUn�&#x1A;��1|&#x6;��"���:c*��٦�&#x1C;�q�&#x1A;&#x11;&#xB;���D�E&#x16;wM�:�gQ!&#x6;�KvN*�Ȑ&lt;x��`���R&#x18;M��J��'�ƹ8���T��tO�i3��Q&#x5;���a{zL��T'�jg!�7_&#x4;��	�Ȉ[J&#xF;I�(���"�W�&#xC;��hW�HҩW�&#x6;����P���&amp;�&lt;�Z�O&#x18;-����6�ws�и&#x2;c�JZ{�븖4�cڈ&#x1A;\0~�-��S�&#xC;�'�S&#x1F;�&#x11;��8-&#x19;a�g�Х��V�&#xC;�t�g�&gt;ɠ&#x1E;d�T2��W���`
8&#x6;R#&lt;t8L&lt;a�&#x1D;��&#x6;&#xB;�TՍe;�̰I�&#x15;�&#x1E;&#x7;X"I#I���&#x10;������&#x13;��&#x10;�&#x13;X��&#x1E;�����}�ڼ�&#x15;-����&#x3;&#x1;s/K&#x18;�\0;��p��&#x1F;ёmW;�(�&#x3;�}&#xF;�&#x10;V&#xF;mf�f��S˦���'�ǌ�i�����,V���&#x5;���&#x1E;S&#x13;@�&#x17;�ei�nYn��&#x16;�&#x16;ʵV~;ٖϣ�肏m���m-Φ�ػ˘b!�޺&#x12;u�fy&#x1B;鳵a�
ۃ
�&#x1B;�.�j��_����_iK)��,�f&gt;`�����.Yd&#x7;&#xE;�=��&#x1;f�y�T��N�&#x1D;p����&#x14;
��z&#xB;�:/5;&#x11;�?i3�,\�|�2�@&#xC;X�6&#x1;s.np�7*�@�����&#x1F;'uVE�	;��=�,-�%F4VU��&#x5;j����\0���&#xE;�&#x15;�--U[6�&#x3;�s�1#)�x"��k,�/�&#x1E;�l&amp;?��u�hM�H�
!�&#xB;��״�Q~=��&#x1D;ǯ��&#x8;&#x1E;&#xB;�&#x16;��Q1���I&#x13;~�&#x8;m�&#x1B;��p�\j&#x2;&#x5;��̚�������&lt;P&gt;8&#xB;B��l*���&#x1;g&#x18;&#xB;GN&#x16;&#x6;&#x7;f-&#x1C;J�`�m�&lt;�,C&#x6;�]��Q0y9&#x16;���зE{ꎆ5������6�vy�R��}ܪ�}&#x17;G�p�.&#x18;�zv�7�&#x1D;&#x3;�S�8&#x8;V&#x1E;ܰ�m�Ժ6m@k�&#x12;�~�L�~�\�&#x7;�9�&#xC;�3PJ��㴙�����{#�j����mX�s�S�N&#x1;N�&#x1A;�pt�#���&#x1E;�&#x3;0&#xF;��c�:��X�y���6��1�Q�s�t�}�y������&#x10;=�&#xF;&#x2;�7��NldͯJ��b]�}�}\��m���&#xE;�&#x14;;�\����&#x8;��&#x13;���܉�ڹ�&#xF;��e�&amp;2k���	��&amp;�;�&#xE;Q}�=�k[�)�c,�J���,UXQU&#xB;Y�*�,ͽ&#x13;����v��&#xE;;�g&#x5;6�\[��^\����s?�5���&amp;T�5�P��'�N&lt;x&#x7;*�&#xE;��[����TM-�f&#x11;�&#x2;�&#xE;7�b3&#x5;&#x18;k)�X��|���&#x1;�祉��&#x18;6��jT�+]V���&#x2;�X[��&#x8;�&gt;9�y�լ�l��J9%Y�o�v��%&#x19;	��QN��\"�R�RV`%�+\բ}�� ��I*�nF��&#x2;��`&#x12;��J-r�
�&#x2;�w��+�s�x�y�~&#x1A;bj`&#xE;f��,0��Imp[0PS����9E\0���gF� Dڄ&#xF;��VE�SזLh@�J�v&amp;�j�U�)-H�Q	�+�Ds"K+{��V&#x4;0W����o֎�b/��CpT�#�0��͏�&amp;��Q5[ҩ��&#x3;@&#x17;�Ͳ�˿�u0�\Z�|���m�f3�b 9��pp&#x16;#o&gt;#����Q�72��&#x6;&gt;H��3�ɾ&gt;GZ4�tjS$�z�?Y&amp;����_��aÆ�uj�\0JG�fW��!L�&#x1C;C.�8�Y`&#x1E;Gf�w��&#x1;b�)��rUR�z�a&#x15;YPp����&#x18;Bwt: �i��u�x�d��^ϦD��[G��&#x19;�,�$��t�&lt;!V�t2&#x1;'��I]l��V�&#x1B;&#x1B;{ϔζ&#x11;@o&#x18;�ڒ�Lyd�W��rʾ��� �&#x19;V,+�&#x16;A�����.M�o&#x1E;�k7��@o�
[&#xE;;o\0���}g��~��k����#����^H&#x12;&#x8;&#x2;&#x8;&#x11;ə�m�z7-r�&#xB;&#x1C;�w��Bkݍ�o`�&#x5;`�&#x3;��y��(���䔯p�}��l�{�mkV�Zt�L&#x1;��-q��jdOB�^&lt;�ڪ�b��i���[1�|W=%�JZ������g� u�&#x1E;�&#x19;��*3L�T��z,3� &#x10;k+v&#x16;K{@{&#x6;�{��^�~0��/�&#x6;��&#x1;�M�,&amp;ϔ~&#x16;ӻ&#xE;F&#xF;�&#x1;�̞&#x1A;Hߵ	�j��\0�L&#x14;��&#x17;��&#x17;ij&#x5;\0�y�,R'&#x14;�2놽�\P-6[?SJ�y`&#x1F;m&#x8;&#x6;Ϡ�&#xB;*�J�W'�ߌŵ;�9�)s&#x1C;�(�i��~^��ͅ�&#x17;�&gt;wC�&amp;�H���Es��7Slc&#x1A;�u�oK�&#x4;��WS�&#x17;��&#x17;T7k]ǚĔ�2���J&#x6;Q�&#x11;[&lt;�{�b��Ϥy�#1���&amp;��� �bjE[UR{+2$�M'*���&#x7;I͆��3�}��&gt;��]m��8&#x1B;E'�Q,&#x1E;��&#x6;1�
�6��l�J&#x1E;&#xF;�R�9��ҝ�H�&#x8;�&#x13;v��W.7�$&#x17;��n�5(��L�8=����5�P�q��U"�v2.g��v&#xE;̻R\0�zl{���`&amp;jL�&#x15;�Ҕ�m��+M�U�\�g&#x1;��&#xB;L������&#x7;�\&#x12;Φ&#x1D;�컏G��yS�&#x1;��}!a��m��sl�&#x17;���x��}���'�k&#xB;v�&#x1C;g�$&#x13;�E&#x2;��kĶ��&#x1;4�oY��Ȁ�{�2l�&#xB;\0��d�}&#x3;��:��&#x2;!P&#xB;�&#x1E;���V&#x18;&#xB;&#x10;'��;����qsڤ��ՊZ��u�&amp;q~�&#xE;�?����&#x15;A�Ms� y�UA��!��K�T�\�`s�b��������`6~WfV��&#x7;e�Pf&#xC;&#x6;�W��Q0&#x7;Oi�&#xB;Hj�S&#x3;sj��&#x8;�3�#���&#xE;����n(:��'%6}n��)���PA�zb�OG&#x17;�����&#x1C;�1d���*�:^&#xF;ۻ5ҏ&lt;����&#x13;&#x8;/�$���El&#x1;�%��[�&#x1A;����&#x17;+?�������&lt;.�P�֐T��[MۏWx˨��&#x10;���|�&#x16;8��&#x2;YY�y��[�&#xF;��eL�?]��q�m&amp;y��/��&gt;�z�}��h&#x12;ǽ)'�3��ű&#x3;iE������&#x19;�&gt;vB_&#x1B;�@v�yx�66�y�c�D2�4�䉨πN���&#x11;ƾ&#x1E;&#x6;��rlz�&#x1D;���g��NTI�:}tjo�A_��j&#x17;�95���~M�tw���@&#x1F;D5O�^&gt;2��%Nų��-@'�:�3�Qz��=&#x13;�|�T�1���Тq���&gt;?͹�=��=d_N&#x19;c=�n؛&#xE;�Mj���x&#xC;�}5�V,f�����A�.&#x1A;&#x14;�\B&#x5;�w�&#x1C;��B\0��d��gρ�&#x1;$&#x1E;�m�b�Fފ:��,.���7��-l�X�&#x1E;������{1�\��&#xB;�&#x2;�W�eG'cGo�2k&#x1F;q�!}{XLe&#x1A;�1f��R/i��5&#xF;��BR&#x19;a���@-�&#x18;Y2�*(�4&#x16;�LJ&#x13;T&#xB;!�[+�9�$bg�ܲ�%��}x�&#x3;Y�`{��ͺV������j�k��2�8�f�#JC�&#x1C;&lt;�ث�Ť���&#xE;&#x7;&#xF;7��g�=�g$&#x7;υzc�&#x5;N;�&lt;��3ü�G�S�~��ԩE�̀2&#x1D;@M�&#x2;R��Z&#x1C;3&#x2;X�BOr&lt;jβD��]7T&#x16;��a�,g~��&#x3;�hؽ&#x5;��nhX�XhǓ+0���#�&#x1D;&#x11;&#x13;e�7*kK����~M��W#�!u�*)\ӫ��b��V�{�Զ�#���A�&#x18;���洩i}����dFM�A��d�^I�O���*&#x15;�M�&#x4;&#xE;,��_|4�&gt;����O'�؉C�;#k��=b&#x4;M&#x1D;i|ߋ&#x14;ήqM�G/*��82�9R�{6�&#x11;�C���&#x2;Z�&amp;&#x13;::��&#x3;&#x13;����&#xE;&#x3;�#��o
�^\0�&#x10;%��P�w22v/s���1&amp;G&#x17;�&gt;�j��c��~1[�1Ʃ�i�L_�#�̉��{�K'�&#x13;�$-\Mm��&#x16;�ub&#x1B;�:��%�&#x1B;c�&#x19;d�%#uZ��=�e���`�E�Nm,&#x1F;*j!V�B��&#x19;yZ�&#x6;�kN�g&#x3;&#x1B;�h�	�&#x6;ؗ�̰�&gt;�e&#xB;���֮ �&#x12;Uy�U���]&#x13;�Z8w.��&#x1D;3u��+�&#x12;��&#x2;s@�F-��7._IW&#x10;&lt;�K�:@�u�C+�D�-P&#xB;�b��k,�	����'�l�����j\0�Jt\0)������̹i�&#x1A;Fx&#x2;@KE,U�&#x1C;����[]�d}
$(�Ȅ��zD(� fN+;[�]�,����&#x1C;�#Z��`&#x2;�&#x1C;d&gt;&amp;&#x1D;p�i!�5��U�`�7�A&#x15;��~N�o�٫�&#x1E;�~��&#x7;�_ t]0���Vi)�Ip��^��e&#xE;�����fC1HJ�&#x5;�9ʧ�\08צH^syҥzk&#x8;&#x1C;&#xE;��a$td��e��G+�-����&#x1D;X\0{c���A�xJ&#x1D;��/d&#x1F;G&#x17;�Oj&#x14;�o����]b	ϴ�k+�ٝ���)��W][ٽ�m���&#xE;�k�hJ&#x1F;߿��f��"��u��G4�_&#xE;�.&#x19;�վ�OG�.�P�cmL�&#x6;6��qSH&#x4;�L��)���&lt;�N"&#x1D;(}lN�t����5���!C:&#x12;o�b��q̑&#x1A;ҳ�M�I���m1&#xB;G2�;&#x8;{&#x1E;��ر\0�&#x19;`v&#x11;R7�&#x6;�(��u�k�ǵ��&#x16;�tvV;4�����q�m�xF�H�]7�v`+&#x1F;��@x��&amp;��)�܅�&#x1D;?�&#x3;��-I.�;On�c�&#x5;s�:�n&amp;R�[8�&gt;c��\0[C&#x8;j�Rkռ��&amp;�W��D&#x4;+n�ز$��!'��uF�3�z\0M��ёA2x@O�&gt;e�}&lt;{:I$3�
[M�6@�Q�j������ie���_���$�,]�s&#xC;՜n$�(�j�Up&#x1;�&#x3;[�&#x16;���z�e�}���&#x1B;��Bҹi}�B�c%�&#x6;� &#x19;?�&#x12;�&#xF;2�����_&#x1C;sh�Z�J&#x1D;T��pzT����ת��&#x1E;�&#x6;���J&#x1C;&#x11;�����,����^m&#xF;f&#xF;l��_��P���_L�&#xF;v�&#x5;;��&#x1;�&#x1D;M:�&#x19;:55�&#xF;j&#x13;8���XzA�M�`���
��:���zL��&#xC;Q�^&gt;&#x7;Ws�wʉGZ�&lt;&#x1C;+B�Q�Fؤ�ӧ*�T(��'�&#x12;��ɹ��9V��&#x7;&#x19;��N�?-O�?YE�AMy�.�n&#x16;�1dzM��oz�(��zQ��n	��Yy�۩�m&#x6;0�7j�WL��8��v�k����.�ңC�؉a�a�F���{[`�/�T�/Z�ز&gt;Mm��&#x16;��X�:l�%&#xC;V_:��}ܽ��BU&#x1F;&#xB;�'&#x3;�q��&#x3;�4���+Od��h�&#xE;��&#x17;e��15���&#x19;&amp;7&#x1C;0O&#x1E;����5��Cے��&#x1E;�3&#x1E;gBNG�х&#x1C;�S�&#x1B;B��1:x&#x1E;"�|p\&#x1B;l�.��GM��vA��qI&#x16;��v�8�&#x1;F���z/�^�&amp;U&#xF;ga����$�y/&#xB;F2-�&#x12;x���8��7��c&#x1B;S���v`W�&#x1D;��v0q���9��k�v�b�Z��1ؠ8�\��lV�i��(&#x6;oݡ�u��غv��&#x19;mC�wo�J֚-u̽��@z��q@��q�&#x18;/���&#x4;�&#x2;�[�ф�\0����;��ĥ�,[�=-�&#x16;/w�&#x1E;&#xF;8�h^&#x1F;�&#x8;�9��k&#x17;/�&#x5;_}dk&#x17;|m#{u���:V�iR&#x1E; �@&#x15;�K�?��x"�?��E�&#x15;�5�@�~�~&#x12;�l&lt;5�w=�&#x1;��+&#x10;&#xB;�R�u,��P�M5�KQ�C���P5[1o?,-&#x18;����N1?��;��&lt;&#x12;����&amp;
[...]
��;��	�	�	��|\���?�&#x1C;�T�`i&#x1B;��Ӏ�e&#x2;�����n���Cǚ\0�V\0ЙI&#x1D;&#x5;&#x19;�(Q�ؤ&#x11;nrZ��I9d�_������vC�hJP��&#xB;�.s&#x2;a&#x1A;ĝ&#x18;T&#x2;���[&#x8;v�,@�(UA�E��t��&#x1C;҆��	x�V�
j�m�&gt;������&#x15;Q��r:�1qnJb	m�=�&#x18;X���e{�J{&#x1C;^90s�=o�R� &#x6; \0l�&#x1E;�7&#x3;l�&#x1E;Ki^�G"�&#xB;�X&#x1B;�Ϭ�b놷e�&#x18;�&#x6;�kʘ�Կw&gt;�&#x1A;&#x16;{�R�9���;ν�3�\?&#x5;&#x1;�R|���q+~�5&#x16;��w�s���7��͋/ǝKG�&#x17;&#xF;ވO�&#x11;_}p	��F|�\0�\&#x17;t۰��I`M��Kpq'v'��&#x6;Qc$Y�
�Z\�-d�-&#x11;m���ώ��AvЖx��8ux-��&#x17;��5&#x13;2�|��JJH�27ۤ��l�h��&#x7;w&#x1;6`&gt;��p|M&lt;�q(������~a&#x7;��&#x2;ꥐK&#x16;����@PbY�pT�g�صm.ɺ��H0g5]j�)#iV�v1�.��蝆^״���i0�?p�kC�W�Vy�$q+�^ &#xB;jU2�b�Z�Q�~'/7E\0�&#x14;�&#x1B;6#�fB��&#x1F;g��m\0�_�&#x16;&#x16;�+	�	bA��@��b��OBoI�Qk,X&#x5;��:�|��=�k��ռ91�꛸Ϲ��ˌ�`s��;Ʉ�U��U��&#x1B;&lt;&#x16;&#x13;��H�Q&#x15;S(�&#x7;��N,{��[��W�7&#x1;:u&#x5;i��ʣ߯߭�JntM�8&#x1B;�]]v�YrJ����\0�l%0&#x5;��L&#x16;8e�}��K��&#x2;��)&gt;���g���&#x1A;&#xB;`�tl�/�1��f����&#x1B;m�Ě��3ѥ&#x5;&#x16;�&#x1E;�&#xF;-�&#x4;\0&lt;V&#x10;�
�^�F7^���&#x7;�-&#x10;��
���à]&#x16;�^��L��޻&#x11;���&#x16;E��Fq&#x1;}��y&#x10;+�&#x3;��\0
bӨ^1���U�&amp;���Sc;��k�q�2�L��&#x19;���&#x4;�&#x5;�b&#x2;q�زjJ��?"�&lt;���&#x1E;'&#x16;5�t��ָ��}��]Y�x��1�+|���ؽmZ�[	�y��X&#x7;���&#x1C;&#x14;�!q��}&#x17;̄3��&amp;��\0&#x1A;&amp;&#x17;&#x19;j3ۖ�,K&#x19;G{ۘ�&#x4;�����&#x1B;{��Mq��ʸ{i_ܻ�?�@�|��?xEܿz\0f؞x���X�&#x2;9���b�4�X�&#x17;�x�����F�&#x1C;X&#x15;�v�s&#xE;ؖ&#x18;r�4s&#x13;�����E�&#x12; 	�����N�Q�ȩ[ȹN/��R&#x11;3&#x1F;�Վ�8�k&#xE;`󹠥���	f�:�;m�|q�e[�F�Z�&#x1E;�8&#x1F;`���UHO��V�LT�s	���&#x16;؞O���%�&#x5;���~���苾��&#x4;/�	9���&#x13;��i!����ˋ�fuQN�ՙČ��V{\[K&#x17;�&#x11;Ն$Ls&#x12;9MH�4��N˫%N^�G�!&#x1;����#Ε~�v&#x4;��Ҳ
�1�V7ži8���\0��&#x10;�ɽ�n-��8�LlNV67R�s&gt;ף&#x1B;D�=���&#x1B;��m�&#x4;Z���d&#x5;�T�N�&#x4;�&#xE;ho�C�=Z�T9D�ky�3�@�&#x14;ȩz��&#x13;�&#x4;�1�-����.��6���b@I�ō�5wl�&#x19;[&#x11;g^=&#x10;����8�sY&#xC;��&amp;&#x6;�n&#x17;�*������ҙ]q��&#x6;H&#x15;�c;�_���&#x1D;7���x�И2�g�&#x1E;�)��&#x18;��\&#x15;'&#xE;���\0�&#x18;`ځ��G��(q�A��^��&#x7;�̉�&#x7;WƉ��)&#x17;�?�.&#x3;���Wš&#x3;�c�*,��H�W��m����{o�&#x17;�w-ɀo�ˌ���]bJeI̞�+V�&#x14;�xV��&#x11;���Ž$�&#x1E;]?&#x1C;������o�&#x1F;��&#x15;&#x1F;�}�&#x12;؅���9j�g��^���&#x1E;������o����b&#x18;"&#x5;&#x3;�S~��&#x10;�&amp;��Z9�k,煔��+�=�u�w׋-eMu����4�ދ ��)3dm&#x10;�e�L=2�
��sn�D&#x3;��\0�*�f	7j���&#x17;Z�5�'�VL�&#x15;Bu&amp;��q;���&amp;��"vz&#xF;��&#x7;�*`y�����&#x6;T&#x2;+�u;.&#x12;�чܞrW;V&#x11;��K�`c6�����P�J���"�o��`�F���f��&#x16;I��X?gSS�z���D��֔HZ�*jC&#x12;�&#x5;�^o�$�lJ&#x8;�&#x12;V�ɡ�p~����%;Jk^�5&#x16;&#x10;�dC�y���vy��R
h��H&#x13;&#x1;'�r퀹$V&#x1A;�]�n&#x15;�&#x7;&#x1B;&#xE;Tې��&#x1D;�*�&#x1A;�w&#x1;�]�V&gt;��v&#xC;��Z&#x11;i⇏�*�&#x13;&#x10;�����^��3�&#xC;��ImR�F�d3\0"F��&#x18;�&#x1;���&#x12;^ǌs�&#xB;L��)�w&#xB;\�&#xE;$�:iq�km���%��&#x1F;��R��l�&#x1F;@�N&#x1C;&#x18;s&#x18;�;����	�3k&#xC;�}�1�mؐ�&#x18;:&#x18;��&#x11;�1{��8L&#x17;����aLm�&#x1E;�&#x4;��8qxS&lt;�s1��:&#x1F;��F&lt;��f|����r�'&#x1F;\�O&gt;�&#x12;&#xF;sg��&amp;��e�XC&#x16;x�ڪX���#:�VS�ٲrb�#�ux'	�ëqo׳Al�+Ĩ7_�&#x1B;Oޱ�u,�&lt;:&#x13;�N���&#x1B;'��4&gt;&#x16;�&#x1B;F&#x19;�:0�^��|yϲ8�&#x5;&#x19;���&#x6;�;$���&lt;��_C&#x1C;�6&#x1E;^?&#x14;��&#x1C;���F��B&#x1C;\0������.��w^!��C�nm�yrc\$�u��u$&#x1E;�s&gt;Ξ�&#x17;o�y,�o_��l7VWVI��{&#x4;�9�n��dX~����.�����&#x5;K;|&#x1A;�텖F�HnH�&#x1B;� ^&#xC;^&#x14;)&#x3;�%��\��ѣ&#x17;g��f�5�{X�B�P�ś�5�~�&#x1C;�Zy᧋ۿK���\-L�j��`b#��&amp;��&#x4;֏��R�
&#x4;m&#x2;�����&#x10;�\0&#x16;��xE�}&#x1D;I&#xB;��ZEcДO���t�����&#x19;HlP���w�~��s���=d���&#x1E;�^�&#x1F;�Fs�aX�K��$��&#xC;�Z&#x13;KZ&gt;���zMj?-&#x5;&#x19;ۦ��9`�&#xC;�p�+0��dԍ�/�&#x2;9��jJ=��7d�!c�f=���C&#x1C;&#x19;�s{���[�9���&#xB;���J6�tA
gȰR2�&lt;�&#x7;�&#x1B;�4��t�e��x��M,����{��G7�G7�О�9a/@�&#x17;��|�l�f��&#x16;�m�EW^ߑen�/A2
&#x17;} &#x16;} ��gϨ�%&#xB;��¹U�h&gt;�xᔨ"�&#x1E;���t9�K*i�&#x13;;�og�u&#x1E;N&#xF;��&#x15;(v���qf,&#x7;��x��Փbɬ�1jE,�&gt; v��!���[��mb�k�7��I����&#x1D;��&#x7;o�&#x17;&#x1F;_�+&#x17;w��n��b&#x5;@^J��D&gt;&#xB;���&gt;�G�&#x7;J�Ƀ�b&#x17;� {�&#x14;&#xE;�&#x11;u��x�&amp;��{����'��&#xF;.@&#x5;�&#x1A;_��&#x1A;��������r�&#x1B;gr�&#x1A;��&#x13;d2Cx}�a_�&#x2;7�ew�&#x13;,��4��I&#x3;��mL�%�]��
��莜��\0�(XR&#x12;%&#x17;�&gt;���]K�&#x15;/�D74fK�&#x16;/PW&#x1A;��뤸���ڧZ�&#x17;��&#xB;&#x12;_���F��$&#x5;&#xB;/t�#e~S�H��[Z���q�]i&#x6;�&#x4;&amp;/�dm&#x13;X&#x5;�&#x17;��&#x13;&#x6;��c&#x2;Z��|A��&#x17;^����3	�T�&#x4;f7��a�9&#x12;�&#x5;���w�߻I�"������{r��º��S"��bAmBI�&#xB;䔀��1i%��*O������h�ʿ��w�&#x1; 7�O���݌��Xٍ��﭂晾|��z&#x1D;|&#x1F;&#x1D;��z_��0��6���n�����&#x19;�#&amp;�5&gt;�wU�{�\\&lt;�/�}��q���s&#x1F;�w�&#x4;&#x14;	*��w.R���ky-&gt;r9&gt;}��xr�t\��|&#x12;&#x10;�ݶ���&#xC;x̴��1~T�&#x18;�蘉&#x8;&#x1;N�&#x4;�&#x19;*�&#x14;D�p�gN!��: �&#x1;���j��}�7��&#x5;��&#x7;�΋˯o�W_Y&#x1B;7��&#x17;��!�pߤ-���%�36�[\0��!&gt;+����[���};�š��3&#x17;]��&amp;&#x1;������v=&#x5;�Ƶ�؄�d�9{b=�΅�u�8�}n�ص &#xE;�Q�ZY&#x15;��z�Ěxt����&#x17;W�O��&#x17;��^|�������x��Θ9�t���&amp;&#x16;��&#x4;����&#x8;:x�;j����N�K��&#x2;[w��Zik���&#x1F;G+�2�)&amp;�Rh=S��ś&#x18;B�ԕ�(^�h����mA����&#x4;���&#x17;�&#x17;����Qy�9�&#x15;��&#x1C;p'�%O!	�������.?��#�T���9��խae����	�	��&#x13;�5�e&#x1;o��Q+�V"�$2�����߁��u�7&#xF;7&#x13;7��Y�4���Y��~ߩ&#x1C;�6P7D��F��&#x1A;{w&#x1B;6��&#xF;&#x18;!B�((��&#x1A;�z&#x14;�ƭ�F@��Dd&#x6;y��&gt;&#x19;ȵ�&amp;��@��4a*&#x13;A�&#xF;��0��&#x19;z���&#x16;ذ��Y_\0��t&#x10;�+P�&#x19;O�S��;��Ҡ�P'y&#x1D;�J/&#x1F;�&#x16;���Q|��#h����&#xF;ߊ/X�&#xF;��&#x1;��c��&#x18;�圌&#x1A;��s��-q����\0��1��w/��&#x1B;'���&#x7;`[-��c�&#x11;&#x1F;w��Ue�&#x18;fւ��b�Ȟ�&#x5;&#xE;�TAL&lt;�&#xF;	�A�x����&#x17;�&#x14;�U�8�ؾ1&#x6;�`&#x2;���Q]y^w�s�6I��(&#x11;ݿu�$&#x15;\0�2�8{rVC�f�U~��ڸA���V-�u&#x17;��L�;���T�g�	�C�;ati�&#x1C;�!��+�&#x17;����cݪ	�&#x7;O@�&#xB;�s�l�� ��I��o���&#x1F;_��r-���r��߿��A��&#x1F;?�/����3�&#x5;&#x16;G刮�h�茉V�:���5��&#x5;�d&#x4;�D&#x1A;&#x1;-�&amp;�3�r��qR޷de���\G&#xC;��\0D:�G���!�FP
Թ&#x8;�D``2��&#x17;�9V&#x18;�V�m�s&amp;��S7�&#xB;T���-�6���H�N:�@&#x1D;�؟�g&#x1D;i���j�a�dP�4 �&#x13;&#x11;��@�&#x8;&#x1C;��1&#x17;����&#x12;]����&#x15;&#x16;�&#x2;7���	�&#x1E;�����}dBy����+cO)��{fS&#xC;�����&#x2;���&amp;)}֍��N�(7�N����d&#x1B;+�S&#xE;V���G����t�&#x5;���VZ��ac�l&#x8;x�D�&lt;ϧ�E&#x2;]%&#x10;�z&#x17;&#x12;z��7.]kʈ���;��/�*&amp;^nں.j�M	O��ԙ�c�|\��Sc��&#x15;q���[���}�$���^|��R�GI赣���&#xE;bJH&#x10;k�Vf����q�Rї���jފ�?�&#x13;��cx�����]�&#x1D;p�W�&#x1A;&#x1E;�I0�~m|�����p�~bs� [�����5S��k�x�t��&#x18;��_ߍ?|}/��&#x17;w⣻�&#x11;w��pq?��x���]&#x8;&#x17;�p�/A&#x2;��ڎ�&#x1B;I&#x17;{&#x1E;=ó(��bK�8{d]O�望&gt;�'�L=�\0؄F��9��=&#x1B;�&#x1C;j�&#x2;[@O&#x1E;�#{l:&#x1B;Μ&#x19;��XO�D&#x6;�o�&#x1E;GH�=��
��U&gt;����o��&#x7;&#x3;�V������߼C+�&#x1E;�_膣D2�ФE�� n�&amp;fL&#x19;
��Ǹ	����yn\&#x16;3fM�,�A&#x8;`&#xE;/�Z&#x2;��j�\&#x1A;;Kd���t:o���.���&#x11;&lt;&#x2;ɋ�&#xB;��ή�T�\0+�(��[��۶K
¾�P�&#x19;��zN��&lt;o����&lt;&#x6;&#x1;&#x3;Ϲ�;_�ǒ�Me&#x1A;7��ĕ�ƁT�M����@\0J�&#x8;,���5��2�&#x2;M�zL��u��c�~&#x16;scm&#x5;�&#x16;31��(&#xC;Q&lt;W3�wnq&#x1E;z�Z�&#x4;��h[��ԣ&#x1;�&#x11;&#x1C;d�����]��)��&gt;��j�&#x16;V0�%ֺ
@9�&#x2;�j��i�=�e�J&#x1B;K{����,&#x11;�xf�a_)&#xC;_��{&#x5;��&#x2;�&#x1C;7$֮[&#x1C;۶��42/&#x6;&#xF;�	��̅d�ۿ��&#x4;yb��T58Ο�G\y&#xE;�&#x3;���W��������&#x6;d��NǷ�]�/������;����I��&#xE;$��&#x6;n����Ь�;�`�w��&#x11;&#x13;I��"3�郋�&#x1E;��?}�0�#N���7��^�&#xF;��W��&#x1B;X�&#x7;�{&#x1C;�����',�&#x17;Ԛ?|�&lt;I�ì��&#xC;�q�t|�����On&#x1F;�����ػ(��&#x2;x9������c([Ue�&#x17;SzZ����&#x5;��P&#x4;ѭ^&#xB;�kќ!&#x19;p��&#x4;3k������&#x19;d�&#x17;���s�ث(&#x1F;�ٺ �&#x1C;&amp;P&gt;[2{&#xC;�=&#x14;���A��&#x1F;?�?��}�|�h��gQЦ6&#xC;�f�Cj&#x11;&#x13;&amp;&#xE;��&#x13;&#x7;&#x13;���,�ָ/D��Ɍkb����@�H�~�ʳ�X��&amp;ID&#x10;�gB��-Zl/"/ &#x1;�&#x5;&amp;\0SBƋM�&#x15;&#x14;d�P\0�x*ci��u&#x17;�&gt;�~h�:V�l��&#x7;�Z�y&#x1F;O�?5&#x1;�l&#x4;H5X�/���&#xB;(�۞&gt;wj*�H.ՙh]]A�&#x2;��&#x1E;��&#x15;�&#x2;���N.���&#x1C;e�+�&#x5;���eO&#x1C;f�&#x3;Zd�?�&#x13;&#xC;&#x17;�\��?���&#xC;�n&#x1E;&#x2;��n*���Z��&#xB;�P�;�k7(%�|}]kc�TQ�$�&#x18;&#xB;��t!0=�4�J&#xC;+���N��
&#x1F;�u&#x5;��5����򐖺&#x5;�V�1*��4���T�Ql&#xE;�q�o^;&#x1F;�.��%�&amp;Gw�B��ڲ&#x11;t�i3��f�$&#x3;]&#x18;������&#x1E;߿6�ð�����������\0�J|%���?��&#x8;���ѥ�vr{�Z5-�/&#x1E;&#x17;�g&#xC;���Q�6t���&#x18;?�4fM@	&#x7;wz�ԡql���P!����j��K���&#x17;����d�o��3ޢ��-&#x8;&#x17;&#x7;6΋m˧�R\���&#x6;Ŧ%��Ծ��p7c���&#x5;�&#x14;�&#x1D;Z&#x1E;&#x17;��I�&#x15;&#x18;V�v��q�ҁ�w�H�nߔBI&#x19;����YY˘�&#x18;Z�+��Y/&amp;n6Iv���&#x15;)����&#x1;��4&#x7;��lt�&amp;�مdt%-�d�&#x17;�&#x1B;��9&#x6;W|m�?&#x18;Jv:�}&#x1E;�3��\@2��/&#x18;p�z��ª&#x18;�#s�[��ӽ&#x1E;6�&#x1F;Ě�tM1�)5�'7;�&#x17;�ڞ�r��3�
�ja&#x5;[J4%�P�e�&#x1E;Y/H�'8mU�Ҹt���ɍL퓉M�\�du�v�WJ|����%�#jv&#x5;	��&#x1A;)1��wݐR�,0&#x5;�c3�8�,��y�ލ~W�XR������se�-V4s��$R^᧴*&amp;J��Kqn�&#x7;`D�u&#x13;y�A����ӟ����&#x15;��va3LI�D���J�x&#x1F;3&amp;���V[�&#x15;��Q�4&#x1E;��-&#x11;3&#x4;�%�Dܐ��Z&#x12;u��/�&#x5;y��I.�N�x��Bw�iy�)ZVE1����U�7&#x19;՞x&#x3;]K����9Ə�&#x14;�X�h\,e�EQr�I�q�j�򩉞ڻ,޾��2��l}z�\��&#x17;�U��_&#x11;;&gt;�z$c9�\&lt;26����b,��)�cFU&#x5;�����cł��w�&#x1E;�ǰ�&gt;�w&amp;���&#x12;t�W�;��Ox&#x15;u��wm7��aiU�߲&#x10;��&lt;�Ϥ&lt;�1Kj�~j#L��&#x19;�c��&#x19;p��fq�&#x6;x�Z䩕�c��&lt;�kf�M��r_\0�&#x2;����fuj]�YS�3WZ����t�ڡ��������Oŝ&#x1B;��P�Z�:�����j&#xE;��;Wǌ镌�A�&#x13;}��&#x3;:��=�-����8D\0�2q�b��&gt;����&#x6;&#x13;��U&#xE;��k�QL�i��&#x1;�5�
�&gt;�&#x15;ʑ�?Uΰ�N�&amp;���3k2�?�8&#x11;y\cb�VA��-8��Z[]g&#x1F;&#x13;��&#x13;�n\0��@�\0��zRG�V(e�M�&#x8;�T�9&#xF;�f;_MЦRV�"���g�*bb���WP���j{_&#x10;���ZO]_&#x1;hr�fL�c)�V�45D����&#x12;��&#x1F;���gȄ&#x1;�����2ק�Op�޾�K�gnx�E��)�C랾&#xB;�o�&#x6;~�v���v-6��e��B�M��
d]�~�&#x19;����&#x12;a��6=x���x����e.�&#x19;qG�N�]����2&lt;6�&#x1E;&#x16;P3^H�g��&#x15;�3��&#x17;�&#x13;�߾&#x14;��_&amp;&#xE;��h�(&lt;��mb&#x4;��1#Kb&#xC;��&#xF;e���� ���^-c��n�&#x7;&amp;��WwbIߠk�Q�ͯ&#x1E;&#x10;�bY&#x1F;�N=�Pl�8)V�&amp;��Π��ng�ގ"~�����d�&#x17;@&#x1E;Y�՟;&#x1D;=�&gt;m�Q{�&#x16;�=;�&#xF;�f��&#x4;�c&#x1;Y�=&#x10;?&#xE;�k^:4��(&#x18;ZC�~#b&#x1B;I��&#x7;��a`)&#x4;p��v��&#x1B;2��&#x1B;��a/&#x1F;�%�*�ܳ��d�&#x13;Z���1��ܿe����4����꥕&#x19;!�%�Ǐ*�UK��Vz�O�Q���&#x16;JUK��{��ͺ���%яyQ-&#x10;���&amp;\��g7����&#xC;�)S�3��k̙W�*J���*&#x5;���7&#x6;����ɦah�]���aiʌv�9L��:�&#x1A;���P.&#x12;ƴ�&#x18;���N�s.��x&#x2;�\0U�@� ��m�0�Q\0&#xB;�d�S&#x1C;�,s,&#x11;Pj�ȩ&#xC;��K?�{�,tr�kZ�Di�Ɋ򜟥湬ѾZ�H��m�0tƌ&#x8;V����s*I%�,��%�yf�&#x5;]&#x2;�n�\0N��V��;kH`&#x3;�&#x16;�e�w�4ʥ���������)fvC0�`���Jnw*�����&#x12;��"ky�ҩ�,��L�I-�;r��,&#x1;&amp;�k3]S`��{&#x10;�c���h�^�!.)+��/���2N&#x1F;���6⽕(Z&#x10;{^:&#x1B;��] #�n���꣫q�l�lj��&#x17;��e\�K�&gt;Ι7&#x14;&#xB;3���p����4T�;�j�� �[�N�ݏ�����O&#x1C;��mD\0.đ&#x13;+H�2�hX&#x1;���ɒ�#�&#xB;7��ذ&lt;Ǝ�`&#x2;g�&#x18;��θ1ݣ��ԐA&#x1D;�*��8 &amp;��	&#x1B;�O,ƺ�E&lt;o��&#x11;l&#x4;L�$�=�d�&#x4;&#x12;TS&amp;���&#x10;EfL�&#x1B;�f���&#x8;Es	�&#x1D;S�d׹c�	���ސ���!��L��a�чp��/_�Du���+�ɬ+�R����&lt;��w�C&#x16;�u4&#x13;�&#x1B;9&#x18;�&#xB;��9��_1���&#x7;!�&#x1D;?&lt;&#x16;.�B�&gt;�ؘa�#�ENh�&amp;�q�&#x1;&#x17;&#x11;&#xE;��֟qJJ&#x1D;�Z�&#x1A;��&#x1E;���&#x1;�VQ&#x1;]k��y&#x19;�GT2{&#x19;@�&#x1C;;&#x2;��*����iX�I1��JfCiuF�̩�ll��d�;�sM&#x1B;�&#x19;�)�N=�i���iu�:Fz^��&amp;�h*�d�%bI��&#x1B;`�+�$����t�`IRF^��&#x2;�5{�}�&#x16;67ds��~�&#x15;Q�&#x4;gl	,-t�&#x16;���,�&#x5;��-g
� 4�����yjL��1�&#x1D;L*�͠:v���O&#xB;`&#xF;&#x14;.� E#�bBըX�ai&lt;|r7�a�&#x6;����&#x19;�R�-���{L&#x1B;����Jr��Q
r4K9ZU&#x15;���$��m&lt;�ȝ&#x1C;h�&#x1B;��ʝ&#x5;)Z���Ȕ��v&#x15;A���&#x4;�&#x18;���&#xF;�J��&#xB;�&#x3;���&#x8;�;��yH&#x5;�O�4�ȯ&#x1B;�eH�&#xC;�&#x12;�)�̙3&amp;��\��+%�)��-f�&#x10;�c&#x13;	��&#x8;�]%#|�F�=��њ�:��L&#x1C;�&#xF;�u�&#x4;�l%ɢ�q&#x11;6�C\��&#x17;v�Tp�X�:�����Ǘ��&#x7;$�&gt;�&#x14;��Zܼ�?^��%V����[��&#xC;&#x12;H�Gu��AA&#x1A;wX���u&#x1E;5�g&#xC;��4&#x7;�N��&lt;��Tjɳ`�-��x&#x1E;Vx.��3h#���&lt;�1�\0y4&#x19;��J����&#x19;3!�("?�3upt��w���1���&#x1;&#xB;lIf����&#x1B;�z&#x15;%�ո��2q\0��O�8q`�\&#x1A;;6��ٌ~K&amp;���ލ��E�g@�&#x19;�)z�6���gD/��ض5m����`�N	�P_�&#x1E;�!�&#x1C;e/\0/���۰!O�;&#x1E;CR�%��n�-�ۦ&#xC;UL]y&#x18;�^c �&#xC;&amp;������&#x1E;��Ѯ�ˬ�l"J�*ܧ¦G�iiMv�̶qt��I\�&#x1C;\0�w���&#x4;`�TI� ŷiHu�$'�&#x2;�6�`����&#x11;��޷l��ҭ5&#x19;���&#x1E;uY{0OJkח�P��&#x14;&#xF;4��yo��U*A&#x19;��/]�1q�|n8�uhu|&#x1E;q?�n9�[��L�����j���&#xE;��m��$�f&#x13;�yK)۔�Qå�b��q�s��B�q��}�J&#x8;&#x12;���������q�օ��Λ�z�&#x2;&#x18;=�w�M�&#x6;��&#x1;~��[;1���)&#x11;D�u� �Lr&#x1;���&#x5;��X��d7�ae�&#x1;t&#xF;����Fvd,J74����j݊�&#x1B;&#x17;y0n]W�0��6π:9���Ё&#x1D;`G���J&amp;#T�q����{^��#�TFS� ��1�a&lt;k
#V�S�&#x1D;E\7~$���Tڼtt\&gt;&#x1;�_?&gt;���%��/�i�@Ƙ&#x1E;[t�&#xE;o�&#x16;��&#x17;W�o��\�?}~'���;�w��&#x13;&#x1F;C��qz]&#x1C;�:%.&#x1F;_&#x1E;'�ȇ��c{f�zZO�y&#xE;ݭ&#x13;q��������ʾh�W�&#x18;2�UdͧL&#x1A;&#x12;3�ۿ���&#x11;t5M&#x1F;B6�&lt;��'A&#xC;Y���&lt;�9d�WA�9����&#x1E;�S&#x7;�H�x��rbԱ1��g&#xE;	�&#x13;��f���;����z=�&#x6;��ΦG����H���ܼ�5��9&#x1A;��:&#x14;�?:O"�V�=�����d�&#x1F;SV{��ʷ���ų&#x10;.�7&gt;��94kf�=�Q@j�H'��]&#x10;�7��&#x15;#�ZC�!(f�&#x1F;��������&#x5;X�b��L�(&#x1B;@�&#x1C;&amp;X	�&#xC;&#x7;�5��6&#x1F;��H�UL�P�K��8L�lb*�n&#x13;�?&#x1;X��:��Rn�6:j��&#x1D;@)k��5^ty�Y��&#x4;�\S�][�G�&#x6;}��_����&#x8;�Sm6e�=�&#x4;� v	`�Քi��Q#&#x1D;�^�,�$�ztC����M���l]�5�?&#x4;��z�)�g�g�&#x1D;��&#x1;h���&#x13;���]xn&#x1;�N	I�nX�Q�3��!&#xE;;��2�&#x1C;�@]�a�	�&#x18;s��0y�Ȭ�o&#x1C;��Ly0��&#x7;�k]b�&#x5;�m&#x1;�8Ŷƽf����[�޴s���ۣ?q*塞m&#x15;&#x1A;m%H�t�|	Vx&#xC;=�Ӫ�&#x12;#�C�ce,&amp;��ʁ-&#x10;7ަ&#x1;�ͬ/�&amp;��'��&#x1E;ط:&#x16;.���&#x1A;�0zD��J�to���uƗ�Q�Z�i	r9�7/ ���:��8&#x4;E���=��ĻW��z�&gt;&#x12;��s4�xx2&gt;�E+&#x1F;���O�&#x15;�2���`ߌo߿�1�ο�8&#xE;���9=.&#x1E;Y&#x12;�.A�|x
�Z���o�8&#x12;�3��e�&#x1D;�س*f�&#x1F;��ko�8��&#x11;��d2ߔn&#x4;�&#x4;F�L�R&#x1;P�ܡ��%�������&#xE;��&lt;.�&#x19;8�'`d9�m2�&#xF;�3�j&#x10;L�Q�
�2&#x6;�|�����׆ŵa�h�hS��&#x5;��'i��??N&#x1D;\&#xC;g{s���ۯ�x+&gt;�&#xC;���&gt;�����Y���W��a&#x1C;�KWO�嫧�����n=�&#x17;�;��Ͷ&#x1C;�Lo��&#x19;%�k�-&lt;���y_0&#xF;���QС&#x19;	.�c0&#x12;��r�`v���+�&#x15;��[��,��5�ԅ��K$��&#x1A;Qf��ص��=�V�� K�}�����I���&#xC;s.ae�.g��Ơe��K�;E��T�Vp&amp;
fM��&#x16;�,�	*����d��&#x8;�&#x10;LXi��!ݫ��u�N���L�\x�*S��&#x1A;&#x11;H��\��ޅߍ�&#x1;�&#xC;������n����$'
�I˰��摔ٹ&#xE;.rGT i4�C]��&#x15;vס��$���&#xE;/�G��KͶ&#x7;���X�n&#x19;��k殷b&#x7;w2aW2��xN&#x19;�X&#x11;&#x16;ZwZ�++G�wc3&#x19;��U_޷'&#x17;�ꥴ�&#x11;��r��&#x7;�&#x18;Y�W��U�e�����w&#x1F;ф7��:EKݦ8�&#x5;ٷo-ud�&#x1;��&#x19;��2��l��&#xC;E��3���R4��S#=�o&#x15;&#x2;x���&gt;"��&#x1E;&#xB;'������8J��Z���?����&#x1F;x��%�Z�ވ����u8Ʒ��&#x6;���c2ѷ�o�_}p1��Ww�&#x1F;s/����&#x3;��񷿾���n�AUE�k1�sdA1	q&#x2;�&#x1D;:�O�&#x10;��q�!S̜1��rt�^�p&#x1E;-�{�,�-�{��c���I�09F\���qn9Iq&#x2;@�9�&#x6;��F��lhsf�&amp;&#x16;�߀�=qL&#xF;�i2�&#x6;&#x12;K� 	v,�^�GS&#x6;V&#x1D;��&#xC;��e��;�$#&gt;�|�.&#x4;	^�9'��E�V&#xF;�i�&#x3;&#x7;w�y��G2�p���&#x1;jo:�&amp;0&#x1C;n0&#xC;�B�!~�&gt;�8zQQh�-�#y�.���\C%�1&#x14;u'�E��9[���)t�&#x17;z&#x1;��&#x1A;o�)k&amp;�&#x12;��&#x18;.W&#x12;�5�k��k,\0�&#x10;_R�&#x10;�Z��&#x8;��&amp;����m&#x14;J������J%������TR�)XS��ۉ�%PS�ó�N�}�D��co7n&#xE;�&#x1C;&#x1;&#x4;&#x5;�[Ж��ON�άon&#xE;��U�=&#x1B;b�e�e�x�f�M&#x12;��&#x11;-&#x5;쨮"�mG��&#xB;i̘A\Dc�?@눥- ��K�iɲ&#x19;����x�'N&#x18;�&#x1B;;&#x1C;��rT(�a�}xl�k9Z�Xh*R�&#x12;&#x4;������EBy&#xF;���C�b&#x4;��ʅ(@n^E҆�*��&#x13;&#x14;%�ţ�&#x3;b���a�&#x1E;Y����'�w��+��).#���#t�90�&amp;ay�[Fڂ$1�&gt;�돞@���N&#x6;��᳢��&#x10;�&#x15;��/�K̼r
��q�M�¡�q���g�\0�d�&#x11;&#x1;���H�����G�&#x16;m�/��~߄�q/����\0���������&#x1D;��O�&#x3;��ݻ�-V�]&#x12;Fo�fx�d�r4�&#x16;�c��Ċ&#x18;=�wT2�yde?F�&#xC;"��%�&#xC;���'�&#x14;[�4�b�b�&#xE;!H�P���&#x1F;�B�}��X�r&#x12;��X�&#x14;��gw�+'61
u&#x1E;�&#x17;�|&#x11;gO�Ĥ�y|�$�&amp;W�JF��&#x19;NV�Y�fȏ���&#x10;Ր�s'���z&amp;&#x1F;�2��3��@	=D�.&#x1D;R&#x1B; ɜB&#x1C;�F�~f/r�0&#x3;&#x6;�N�|��WF���|��1cэg2d�2&#x1A;b��&#x15;]&#x18;@&#x17;��J�?Pa[2��l��MW	U�^��&amp;�&#x1C;����l8�-���&#x13;e���E��PZ��X��8��$?#�K��&#x2;8��5{qk���&lt;k�&gt;�)���� S&#x4;�rV_P&#x19;/���*U*vW&#x1B;&#x19;Z�S�o��&#x19;I&#x3;P��C�pj�&#x10;��6%��\0R쬫-�s&#x2;&#xC;&#x5;Y)��&#x18;1w셥둑&amp;&#x1A;�0#\;�3�f&#x1D;�fd�т^�'�-�WUF��&#xB;�"���ޣ*�6&#x1E;&#x14;K*�}U��@SĘq&#x3;b�깱z���&#x7;-�5��`��X��e|&#x16;]�J��=8?��{՚�Xl:ڈ��1,~�đĽ�_�Q�Z0#�͟�N�&#x19;�S�������O\0�{&#x19;��}r+�!�s���X5�a}���Hr&#xC;݈��&#xC;�&#x19;�&#x18;&#x1F;*&#x8;6�˻p��X�v
�HFp&#x1B;R&#x3;�c).��uXj&amp;&amp;�߻�D&#x18;��� �Ƣ_�&#x1D;�=H!�����o`�XWO��&#x17;&#xE;aqo&#x1;�'��&#x1B;zp��mh�7��'��&#x1B;����V|J-���W2��Yj�ۡ&gt;Ξ�/&#x16;�&#x1C;B)ip�&#x1E;ZL��`&amp;&#x1C;�Ǩ��Hz�a&#x3;C���=�V�*@=�f�IU&#x10;[���+/��&#x1;�&#x3;��I����W���w`��^�����G���(pn��س{Y��c�&#x2;�&#x11;b���A&#xC;��1�B�,g&#x12;ǲ&#x5;��&#x1C;�ܮ]��&#x8;�&#x13;��Ӭ��&#x19;,���&#x1C;vm]&#x8;�W��u&lt;�G���7b���4B���C��Mw&#xB;���m�q&#x4;&#xE;ޖ�G&#x13;&#x1D;�J&#x7;Y�R4�{��7�&#x1F;��TF�W߯?�&#x1B;�&#x6;-��$W&#x7;�&#x1E;���&amp;^:�ҡymq���:P&#x2;&#x6;Xߧ�M����?�f&#x8;;�+բ�;\�&#x18;[^�n&#x4;)�&#x14;&amp;S&#x3;��&#x16;�n&#x2;Zz-�`V�R&#x10;����!&amp;��&#x1;��T&#xB;6V&#x16;��SZ�(��҂T���uaA�s�T9ޕ"{u,��uǕ�����y�A�M��v&amp;;ܹ��6&#x8;�&#x11;��?��vF:a��N7�L#�Ճ��𑃱���&#x1F;qw&#xF;Xt��R+!d�w&gt;�銫4���!=y.l7��&#xF;կ�&#x7;�&#xC;�҈��~̂&#xB;f9���e&#xF;��&#x16;wo_FA�1��w���?"��!�����o&gt;�������/?`=���&#xE;�޵�b&#x15;��Ũ:Ι@�01�l�SW&#x11;"T"9;�&#x1;i��L &#xE;�&#x18;+��ݰaf�9�-v�h�&lt;&#x1D;O�&#xE;�	�&#x6;e��D&amp;�x�&#x12;�&#xC;\0��&#x18;t3���kfŒ�#c&#x1E;ɨ�$y�-���t2�Y&#xF;y���8���g&#x7;7f�&#x1;�&#x1C;�3 |�\e�R{)&#x1;-��n5u�єm�2ne&#x6;ɫ�&#x13;�B{���m^4��'h�3P��&#x6;�k&#x1A;uX&#x1;&lt;�R�TD�\��C&#x6;�&#x16;�z�E�v�&#x1A;I&#x17;4Y��&#xE;DUs�𮀽?����@��c��8��9~ls\|�\0��&#x1F;ǎn�=�y�f&#x14;7W��5�c�$&#x1A;4��&amp;�/�	czA�,�i����z�*�y.�&#xB;�d�\0�0z�s�m4��J\���v���f�ˈ2��6���qS���&#x3;�)&#x2;�+-�&#x3;&#x18;�:l&#x14;1?�&#x8;��&#x11;lZ�bC&#x18;&gt;ш�U-s&#x1B;�.&#x7;��̧�&#x15;&#x1;��lhe�L,;�$����&#x2;����o� L\0\0\0\0IEND�B`�</StdOut>
      </Output>
    </UnitTestResult>
    <UnitTestResult executionId="1efc0245-b1f3-4256-9a31-fd99a99dc065" testId="bccb58cc-1cce-162f-54b4-53ddafd79ee2" testName="ConvertToListTest" computerName="LUKESPC" duration="00:00:00.0005411" startTime="2011-10-30T23:39:29.6090064+01:00" endTime="2011-10-30T23:39:29.6140067+01:00" testType="13cdc9d9-ddb5-4fa4-a97d-d965ccfc6d4b" outcome="Passed" testListId="8c84fa94-04c1-424b-9868-57a2d4851a1d" relativeResultsDirectory="1efc0245-b1f3-4256-9a31-fd99a99dc065">
    </UnitTestResult>
    <UnitTestResult executionId="e834313d-d9b4-46ca-adf0-28b8ff63b1dd" testId="ebb56ab5-42d5-71fc-9442-26dde5656280" testName="OpenNewWindowTest1" computerName="LUKESPC" duration="00:00:00.0115805" startTime="2011-10-30T23:39:29.6150068+01:00" endTime="2011-10-30T23:39:29.6300076+01:00" testType="13cdc9d9-ddb5-4fa4-a97d-d965ccfc6d4b" outcome="Inconclusive" testListId="8c84fa94-04c1-424b-9868-57a2d4851a1d" relativeResultsDirectory="e834313d-d9b4-46ca-adf0-28b8ff63b1dd">
      <Output>
        <ErrorInfo>
          <Message>Assert.Inconclusive failed. TODO: Fix this: new DetailWindow(vm); throws an exception; is it possible to create no new DetailWindow in this method?</Message>
          <StackTrace>   at ProjectFlip.UserInterface.Surface.Test.ProjectNoteViewModelTest.OpenNewWindowTest1() in J:\dev\flip_svn.elmermx.ch\code\trunk\ProjectFlip\ProjectFlip.UserInterface.Surface.Test\ProjectNoteViewModelTest.cs:line 80
</StackTrace>
        </ErrorInfo>
      </Output>
    </UnitTestResult>
    <UnitTestResult executionId="292b2cb2-9c90-46bf-a0dc-07fbf96ee78e" testId="ed30b4e0-dba3-8e7f-0ab5-fcc96c1c7e5e" testName="DocumentTest" computerName="LUKESPC" duration="00:00:00.2455369" startTime="2011-10-30T23:39:29.6310077+01:00" endTime="2011-10-30T23:39:29.8800219+01:00" testType="13cdc9d9-ddb5-4fa4-a97d-d965ccfc6d4b" outcome="Passed" testListId="8c84fa94-04c1-424b-9868-57a2d4851a1d" relativeResultsDirectory="292b2cb2-9c90-46bf-a0dc-07fbf96ee78e">
    </UnitTestResult>
  </Results>
</TestRun>